#
# A fatal error has been detected by the Java Runtime Environment:
#
#  EXCEPTION_ACCESS_VIOLATION (0xc0000005) at pc=0x00007ff948018fa6, pid=8092, tid=9764
#
# JRE version: OpenJDK Runtime Environment Corretto-11.0.21.9.1 (11.0.21+9) (build 11.0.21+9-LTS)
# Java VM: OpenJDK 64-Bit Server VM Corretto-11.0.21.9.1 (11.0.21+9-LTS, mixed mode, tiered, compressed oops, g1 gc, windows-amd64)
# Problematic frame:
# V  [jvm.dll+0x1a8fa6]
#
# No core dump will be written. Minidumps are not enabled by default on client versions of Windows
#
# If you would like to submit a bug report, please visit:
#   https://github.com/corretto/corretto-11/issues/
#

---------------  S U M M A R Y ------------

Command Line: -Dorg.jetbrains.run.directory=C:\Users\TEK\KarateTestAutomation\src\test\java\insurance\api\tek -javaagent:C:\Program Files\JetBrains\IntelliJ IDEA Community Edition 2023.3.2\lib\idea_rt.jar=52304:C:\Program Files\JetBrains\IntelliJ IDEA Community Edition 2023.3.2\bin -Dfile.encoding=UTF-8 cucumber.api.cli.Main --plugin org.jetbrains.plugins.cucumber.java.run.CucumberJvmSMFormatter --monochrome --name ^Generate Token$ --glue com.intuit.karate C:/Users/TEK/KarateTestAutomation/src/test/java/insurance/api/tek/generateToken.feature

Host: AMD Ryzen 7 5800X 8-Core Processor             , 16 cores, 31G,  Windows 11 , 64 bit Build 22621 (10.0.22621.2506)
Time: Tue Jan 16 22:46:36 2024 Eastern Standard Time elapsed time: 0.716678 seconds (0d 0h 0m 0s)

---------------  T H R E A D  ---------------

Current thread (0x000001b037925000):  ConcurrentGCThread "G1 Conc#1" [stack: 0x00000049a7300000,0x00000049a7400000] [id=9764]

Stack: [0x00000049a7300000,0x00000049a7400000],  sp=0x00000049a73ff818,  free space=1022k
Native frames: (J=compiled Java code, j=interpreted, Vv=VM code, C=native code)
V  [jvm.dll+0x1a8fa6]


siginfo: EXCEPTION_ACCESS_VIOLATION (0xc0000005), reading address 0x0000000800595a90


Register to memory mapping:

RIP=0x00007ff948018fa6 jvm.dll
RAX=0x000000000000000d is an unknown value
RBX=0x0000000800595a88 is an unknown value
RCX=
[error occurred during error reporting (printing register info), id 0xc0000005, EXCEPTION_ACCESS_VIOLATION (0xc0000005) at pc=0x00007ff948018fa6]

Registers:
RAX=0x000000000000000d, RBX=0x0000000800595a88, RCX=0x000000061d4d7000, RDX=0x000000061d4d7000
RSP=0x00000049a73ff818, RBP=0x000000061d600000, RSI=0x000000061d4d7000, RDI=0x000000000000000d
R8 =0x0000000800000820, R9 =0x0000000800595a88, R10=0x000001b0359589f0, R11=0x0000000000000246
R12=0x0000000000000001, R13=0x00007ff9488f42e0, R14=0x000001b007e54078, R15=0x00000049a5eff7a0
RIP=0x00007ff948018fa6, EFLAGS=0x0000000000010206

Top of Stack: (sp=0x00000049a73ff818)
0x00000049a73ff818:   00007ff94818008d 0000000000000003
0x00000049a73ff828:   0000000800001808 000000061d600000
0x00000049a73ff838:   0000000000000000 00007ff9487520b8
0x00000049a73ff848:   0000000000000000 000001b007dd6300
0x00000049a73ff858:   000001b007e53fd0 0000000000000001
0x00000049a73ff868:   00007ff94867a0eb 0000000000000000
0x00000049a73ff878:   00000000000075a3 0000000000000000
0x00000049a73ff888:   000001b037925000 0000000000000000
0x00000049a73ff898:   00007ff948679bc0 000001b037925000
0x00000049a73ff8a8:   0000000000000000 0000000000000000
0x00000049a73ff8b8:   00000000000075a3 00000049a5eff7a0
0x00000049a73ff8c8:   0000004900000001 0000000000000000
0x00000049a73ff8d8:   0000000000000000 000001b037925000
0x00000049a73ff8e8:   00007ff9486042f4 0000000000000000
0x00000049a73ff8f8:   00007ff9ffffffff 000001b037925000
0x00000049a73ff908:   0000000000000000 000049b6ac5b798f 

Instructions: (pc=0x00007ff948018fa6)
0x00007ff948018ea6:   eb 04 48 8b 43 08 81 78 08 00 00 00 c0 0f 83 81
0x00007ff948018eb6:   00 00 00 48 8b 4f 38 48 8b d3 48 8b 01 ff 50 20
0x00007ff948018ec6:   84 c0 75 70 38 05 41 43 94 00 74 15 8b 53 08 8b
0x00007ff948018ed6:   0d 4d 89 8f 00 48 d3 e2 48 03 15 3b 89 8f 00 eb
0x00007ff948018ee6:   04 48 8b 53 08 48 8b cb 48 89 5c 24 20 e8 a8 00
0x00007ff948018ef6:   00 00 80 7f 30 00 48 63 c8 48 89 4c 24 28 74 1c
0x00007ff948018f06:   0f 10 44 24 20 0f 11 86 98 03 00 00 48 8b 5c 24
0x00007ff948018f16:   40 48 8b 74 24 48 48 83 c4 30 5f c3 48 8b 07 48
0x00007ff948018f26:   8d 54 24 20 48 89 4c 24 28 48 8b cf 48 89 5c 24
0x00007ff948018f36:   20 ff 50 38 48 8b 5c 24 40 48 8b 74 24 48 48 83
0x00007ff948018f46:   c4 30 5f c3 cc cc cc cc cc cc 48 8b 49 38 48 8b
0x00007ff948018f56:   01 48 ff 60 28 cc cc cc cc cc 80 3d aa 42 94 00
0x00007ff948018f66:   00 48 8b c1 74 1b 8b 51 08 8b 0d b3 88 8f 00 48
0x00007ff948018f76:   d3 e2 48 8b c8 48 03 15 9e 88 8f 00 e9 19 00 00
0x00007ff948018f86:   00 48 8b 51 08 48 8b c8 e9 0d 00 00 00 cc cc cc
0x00007ff948018f96:   cc cc cc cc cc cc cc cc cc cc 4c 8b ca 48 8b d1
0x00007ff948018fa6:   45 8b 41 08 45 85 c0 7e 0e 41 f6 c0 01 75 56 41
0x00007ff948018fb6:   c1 f8 03 41 8b c0 c3 79 4c 80 3d 4b 42 94 00 00
0x00007ff948018fc6:   b8 0c 00 00 00 b9 10 00 00 00 0f 45 c8 8b 05 9b
0x00007ff948018fd6:   b7 8d 00 ff c8 4c 63 c8 48 63 14 11 41 8b c8 83
0x00007ff948018fe6:   e1 3f 48 d3 e2 41 8b c8 48 c1 f9 10 0f b6 c1 49
0x00007ff948018ff6:   8d 0c 11 49 f7 d1 48 03 c1 49 c1 e9 03 48 c1 e8
0x00007ff948019006:   03 41 23 c1 c3 49 8b 01 49 8b c9 48 ff a0 10 01
0x00007ff948019016:   00 00 cc cc cc cc cc cc cc cc 48 8b c2 c3 cc cc
0x00007ff948019026:   cc cc cc cc cc cc cc cc cc cc 48 83 ec 38 48 8b
0x00007ff948019036:   c1 48 8b 49 38 80 79 08 00 74 05 90 48 8b 48 38
0x00007ff948019046:   0f 10 02 48 8d 54 24 20 0f 29 44 24 20 e8 28 f0
0x00007ff948019056:   ff ff 48 83 c4 38 c3 cc cc cc 48 83 ec 38 0f 10
0x00007ff948019066:   02 48 8b 01 48 8d 54 24 20 0f 29 44 24 20 ff 50
0x00007ff948019076:   38 48 83 c4 38 c3 cc cc cc cc 48 89 5c 24 08 55
0x00007ff948019086:   56 57 41 54 41 55 41 56 41 57 48 8d 6c 24 e0 48
0x00007ff948019096:   81 ec 20 01 00 00 48 8b 05 e5 10 91 00 48 33 c4 


Stack slot to memory mapping:
stack at sp + 0 slots: 0x00007ff94818008d jvm.dll
stack at sp + 1 slots: 0x0000000000000003 is an unknown value
stack at sp + 2 slots: 0x0000000800001808 is a pointer to class: 
java.lang.String {0x0000000800001810}
 - instance size:     3
 - klass size:        77
 - access:            public final synchronized 
 - state:             fully_initialized
 - name:              'java/lang/String'
 - super:             'java/lang/Object'
 - sub:               
 - arrays:            'java/lang/String'[]
 - methods:           Array<T>(0x000001b035e54080)
 - method ordering:   Array<T>(0x000001b035e50058)
 - default_methods:   Array<T>(0x0000000000000000)
 - local interfaces:  Array<T>(0x000001b035e53070)
 - trans. interfaces: Array<T>(0x000001b035e53070)
 - constants:         constant pool [878] {0x000001b035e51310} for 'java/lang/String' cache=0x000001b035f57a20
 - class loader data:  loader data: 0x000001b007e8ea90 of 'bootstrap'
 - host class:        NULL
 - source file:       'String.java'
 - class annotations:       Array<T>(0x0000000000000000)
 - class type annotations:  Array<T>(0x0000000000000000)
 - field annotations:       Array<T>(0x000001b035e53fb8)
 - field type annotations:  Array<T>(0x0000000000000000)
 - generic signature: 'Ljava/lang/Object;Ljava/io/Serializable;Ljava/lang/Comparable<Ljava/lang/String;>;Ljava/lang/CharSequence;'
 - inner classes:     Array<T>(0x000001b035e5a998)
 - nest members:     Array<T>(0x000001b035e5a9d8)
 - java mirror:       a 'java/lang/Class'{0x000000061da08a10} = 'java/lang/String'
 - vtable length      5  (start addr: 0x00000008000019d8)
 - itable length      13 (start addr: 0x0000000800001a00)
 - ---- static fields (3 words):
 - private static final 'serialVersionUID' 'J' @120 
 - static final 'COMPACT_STRINGS' 'Z' @128 
 - private static final 'serialPersistentFields' '[Ljava/io/ObjectStreamField;' @112 
 - public static final strict 'CASE_INSENSITIVE_ORDER' 'Ljava/util/Comparator;' @116 
 - static final 'LATIN1' 'B' @129 
 - static final 'UTF16' 'B' @130 
 - ---- non-static fields (3 words):
 - private final synchronized 'value' '[B' @12 
 - private 'hash' 'I' @16 
 - private final 'coder' 'B' @20 
 - non-static oop maps: 12-12 
stack at sp + 3 slots: 0x000000061d600000 is an oop: [B 
{0x000000061d600000} - klass: {type array byte}
 - length: 65536
stack at sp + 4 slots: 0x0 is NULL
stack at sp + 5 slots: 0x00007ff9487520b8 jvm.dll
stack at sp + 6 slots: 0x0 is NULL
stack at sp + 7 slots: 0x000001b007dd6300 points into unknown readable memory: 0x00007ff9487502b0 | b0 02 75 48 f9 7f 00 00


---------------  P R O C E S S  ---------------

Threads class SMR info:
_java_thread_list=0x000001b0378f3c60, length=17, elements={
0x000001b007dc8800, 0x000001b0367c6800, 0x000001b0367be800, 0x000001b036811800,
0x000001b036813800, 0x000001b036814800, 0x000001b036816000, 0x000001b036823000,
0x000001b036827800, 0x000001b0369b4000, 0x000001b0369b8800, 0x000001b0369bb800,
0x000001b0369bf000, 0x000001b0369d0000, 0x000001b0369d1000, 0x000001b036d73800,
0x000001b037b6f800
}

Java Threads: ( => current thread )
  0x000001b007dc8800 JavaThread "main" [_thread_in_vm, id=2876, stack(0x00000049a5c00000,0x00000049a5d00000)]
  0x000001b0367c6800 JavaThread "Reference Handler" daemon [_thread_blocked, id=19208, stack(0x00000049a6300000,0x00000049a6400000)]
  0x000001b0367be800 JavaThread "Finalizer" daemon [_thread_blocked, id=12652, stack(0x00000049a6400000,0x00000049a6500000)]
  0x000001b036811800 JavaThread "Signal Dispatcher" daemon [_thread_blocked, id=11700, stack(0x00000049a6500000,0x00000049a6600000)]
  0x000001b036813800 JavaThread "Attach Listener" daemon [_thread_blocked, id=9356, stack(0x00000049a6600000,0x00000049a6700000)]
  0x000001b036814800 JavaThread "Service Thread" daemon [_thread_blocked, id=19940, stack(0x00000049a6700000,0x00000049a6800000)]
  0x000001b036816000 JavaThread "C2 CompilerThread0" daemon [_thread_blocked, id=19832, stack(0x00000049a6800000,0x00000049a6900000)]
  0x000001b036823000 JavaThread "C1 CompilerThread0" daemon [_thread_blocked, id=14648, stack(0x00000049a6900000,0x00000049a6a00000)]
  0x000001b036827800 JavaThread "Sweeper thread" daemon [_thread_blocked, id=13388, stack(0x00000049a6a00000,0x00000049a6b00000)]
  0x000001b0369b4000 JavaThread "Common-Cleaner" daemon [_thread_blocked, id=14452, stack(0x00000049a6b00000,0x00000049a6c00000)]
  0x000001b0369b8800 JavaThread "C1 CompilerThread1" daemon [_thread_blocked, id=11244, stack(0x00000049a6c00000,0x00000049a6d00000)]
  0x000001b0369bb800 JavaThread "C1 CompilerThread2" daemon [_thread_blocked, id=14416, stack(0x00000049a6d00000,0x00000049a6e00000)]
  0x000001b0369bf000 JavaThread "C1 CompilerThread3" daemon [_thread_blocked, id=9608, stack(0x00000049a6e00000,0x00000049a6f00000)]
  0x000001b0369d0000 JavaThread "C2 CompilerThread1" daemon [_thread_blocked, id=15108, stack(0x00000049a6f00000,0x00000049a7000000)]
  0x000001b0369d1000 JavaThread "C2 CompilerThread2" daemon [_thread_blocked, id=14744, stack(0x00000049a7000000,0x00000049a7100000)]
  0x000001b036d73800 JavaThread "Monitor Ctrl-Break" daemon [_thread_in_native, id=1508, stack(0x00000049a7100000,0x00000049a7200000)]
  0x000001b037b6f800 JavaThread "C2 CompilerThread3" daemon [_thread_in_native, id=16436, stack(0x00000049a9600000,0x00000049a9700000)]

Other Threads:
  0x000001b036793800 VMThread "VM Thread" [stack: 0x00000049a6200000,0x00000049a6300000] [id=11400]
  0x000001b036dbb000 WatcherThread [stack: 0x00000049a7200000,0x00000049a7300000] [id=6752]
  0x000001b007de2800 GCTaskThread "GC Thread#0" [stack: 0x00000049a5d00000,0x00000049a5e00000] [id=12532]
  0x000001b0377f3000 GCTaskThread "GC Thread#1" [stack: 0x00000049a7400000,0x00000049a7500000] [id=16720]
  0x000001b037a4d000 GCTaskThread "GC Thread#2" [stack: 0x00000049a7500000,0x00000049a7600000] [id=17960]
  0x000001b0377d4800 GCTaskThread "GC Thread#3" [stack: 0x00000049a7600000,0x00000049a7700000] [id=11544]
  0x000001b0377d5000 GCTaskThread "GC Thread#4" [stack: 0x00000049a7700000,0x00000049a7800000] [id=17544]
  0x000001b0377d9800 GCTaskThread "GC Thread#5" [stack: 0x00000049a7800000,0x00000049a7900000] [id=2572]
  0x000001b0377dc800 GCTaskThread "GC Thread#6" [stack: 0x00000049a7900000,0x00000049a7a00000] [id=2788]
  0x000001b0377dd800 GCTaskThread "GC Thread#7" [stack: 0x00000049a7a00000,0x00000049a7b00000] [id=17692]
  0x000001b0377e0800 GCTaskThread "GC Thread#8" [stack: 0x00000049a7b00000,0x00000049a7c00000] [id=17416]
  0x000001b0377e1000 GCTaskThread "GC Thread#9" [stack: 0x00000049a7c00000,0x00000049a7d00000] [id=15312]
  0x000001b0378f2800 GCTaskThread "GC Thread#10" [stack: 0x00000049a7d00000,0x00000049a7e00000] [id=1640]
  0x000001b0378f3000 GCTaskThread "GC Thread#11" [stack: 0x00000049a7e00000,0x00000049a7f00000] [id=17528]
  0x000001b007e65000 ConcurrentGCThread "G1 Main Marker" [stack: 0x00000049a5e00000,0x00000049a5f00000] [id=14420]
  0x000001b007e66000 ConcurrentGCThread "G1 Conc#0" [stack: 0x00000049a5f00000,0x00000049a6000000] [id=10948]
=>0x000001b037925000 ConcurrentGCThread "G1 Conc#1" [stack: 0x00000049a7300000,0x00000049a7400000] [id=9764]
  0x000001b037b35000 ConcurrentGCThread "G1 Conc#2" [stack: 0x00000049a7f00000,0x00000049a8000000] [id=15072]
  0x000001b0359ba800 ConcurrentGCThread "G1 Refine#0" [stack: 0x00000049a6000000,0x00000049a6100000] [id=11912]
  0x000001b0359bb800 ConcurrentGCThread "G1 Young RemSet Sampling" [stack: 0x00000049a6100000,0x00000049a6200000] [id=15220]

Threads with active compile tasks:
C2 CompilerThread3      727 1806       4       java.lang.AbstractStringBuilder::append (55 bytes)

VM state:not at safepoint (normal execution)

VM Mutex/Monitor currently owned by a thread: None

Heap address: 0x0000000601c00000, size: 8164 MB, Compressed Oops mode: Zero based, Oop shift amount: 3
Narrow klass base: 0x0000000800000000, Narrow klass shift: 0
Compressed class space size: 1073741824 Address: 0x0000000800000000

Heap:
 garbage-first heap   total 524288K, used 15888K [0x0000000601c00000, 0x0000000800000000)
  region size 2048K, 8 young (16384K), 7 survivors (14336K)
 Metaspace       used 21622K, capacity 21883K, committed 22140K, reserved 1069056K
  class space    used 2108K, capacity 2229K, committed 2252K, reserved 1048576K
Heap Regions: E=young(eden), S=young(survivor), O=old, HS=humongous(starts), HC=humongous(continues), CS=collection set, F=free, A=archive, TAMS=top-at-mark-start (previous, next)
|   0|0x0000000601c00000, 0x0000000601e00000, 0x0000000601e00000|100%|HS|  |TAMS 0x0000000601c00000, 0x0000000601e00000| Complete 
|   1|0x0000000601e00000, 0x0000000601ebaa00, 0x0000000602000000| 36%| O|  |TAMS 0x0000000601e00000, 0x0000000601ebaa00| Untracked 
|   2|0x0000000602000000, 0x0000000602000000, 0x0000000602200000|  0%| F|  |TAMS 0x0000000602000000, 0x0000000602000000| Untracked 
|   3|0x0000000602200000, 0x0000000602200000, 0x0000000602400000|  0%| F|  |TAMS 0x0000000602200000, 0x0000000602200000| Untracked 
|   4|0x0000000602400000, 0x0000000602400000, 0x0000000602600000|  0%| F|  |TAMS 0x0000000602400000, 0x0000000602400000| Untracked 
|   5|0x0000000602600000, 0x0000000602600000, 0x0000000602800000|  0%| F|  |TAMS 0x0000000602600000, 0x0000000602600000| Untracked 
|   6|0x0000000602800000, 0x0000000602800000, 0x0000000602a00000|  0%| F|  |TAMS 0x0000000602800000, 0x0000000602800000| Untracked 
|   7|0x0000000602a00000, 0x0000000602a00000, 0x0000000602c00000|  0%| F|  |TAMS 0x0000000602a00000, 0x0000000602a00000| Untracked 
|   8|0x0000000602c00000, 0x0000000602c00000, 0x0000000602e00000|  0%| F|  |TAMS 0x0000000602c00000, 0x0000000602c00000| Untracked 
|   9|0x0000000602e00000, 0x0000000602e00000, 0x0000000603000000|  0%| F|  |TAMS 0x0000000602e00000, 0x0000000602e00000| Untracked 
|  10|0x0000000603000000, 0x0000000603000000, 0x0000000603200000|  0%| F|  |TAMS 0x0000000603000000, 0x0000000603000000| Untracked 
|  11|0x0000000603200000, 0x0000000603200000, 0x0000000603400000|  0%| F|  |TAMS 0x0000000603200000, 0x0000000603200000| Untracked 
|  12|0x0000000603400000, 0x0000000603400000, 0x0000000603600000|  0%| F|  |TAMS 0x0000000603400000, 0x0000000603400000| Untracked 
|  13|0x0000000603600000, 0x0000000603600000, 0x0000000603800000|  0%| F|  |TAMS 0x0000000603600000, 0x0000000603600000| Untracked 
|  14|0x0000000603800000, 0x0000000603800000, 0x0000000603a00000|  0%| F|  |TAMS 0x0000000603800000, 0x0000000603800000| Untracked 
|  15|0x0000000603a00000, 0x0000000603a00000, 0x0000000603c00000|  0%| F|  |TAMS 0x0000000603a00000, 0x0000000603a00000| Untracked 
|  16|0x0000000603c00000, 0x0000000603c00000, 0x0000000603e00000|  0%| F|  |TAMS 0x0000000603c00000, 0x0000000603c00000| Untracked 
|  17|0x0000000603e00000, 0x0000000603e00000, 0x0000000604000000|  0%| F|  |TAMS 0x0000000603e00000, 0x0000000603e00000| Untracked 
|  18|0x0000000604000000, 0x0000000604000000, 0x0000000604200000|  0%| F|  |TAMS 0x0000000604000000, 0x0000000604000000| Untracked 
|  19|0x0000000604200000, 0x0000000604200000, 0x0000000604400000|  0%| F|  |TAMS 0x0000000604200000, 0x0000000604200000| Untracked 
|  20|0x0000000604400000, 0x0000000604400000, 0x0000000604600000|  0%| F|  |TAMS 0x0000000604400000, 0x0000000604400000| Untracked 
|  21|0x0000000604600000, 0x0000000604600000, 0x0000000604800000|  0%| F|  |TAMS 0x0000000604600000, 0x0000000604600000| Untracked 
|  22|0x0000000604800000, 0x0000000604800000, 0x0000000604a00000|  0%| F|  |TAMS 0x0000000604800000, 0x0000000604800000| Untracked 
|  23|0x0000000604a00000, 0x0000000604a00000, 0x0000000604c00000|  0%| F|  |TAMS 0x0000000604a00000, 0x0000000604a00000| Untracked 
|  24|0x0000000604c00000, 0x0000000604c00000, 0x0000000604e00000|  0%| F|  |TAMS 0x0000000604c00000, 0x0000000604c00000| Untracked 
|  25|0x0000000604e00000, 0x0000000604e00000, 0x0000000605000000|  0%| F|  |TAMS 0x0000000604e00000, 0x0000000604e00000| Untracked 
|  26|0x0000000605000000, 0x0000000605000000, 0x0000000605200000|  0%| F|  |TAMS 0x0000000605000000, 0x0000000605000000| Untracked 
|  27|0x0000000605200000, 0x0000000605200000, 0x0000000605400000|  0%| F|  |TAMS 0x0000000605200000, 0x0000000605200000| Untracked 
|  28|0x0000000605400000, 0x0000000605400000, 0x0000000605600000|  0%| F|  |TAMS 0x0000000605400000, 0x0000000605400000| Untracked 
|  29|0x0000000605600000, 0x0000000605600000, 0x0000000605800000|  0%| F|  |TAMS 0x0000000605600000, 0x0000000605600000| Untracked 
|  30|0x0000000605800000, 0x0000000605800000, 0x0000000605a00000|  0%| F|  |TAMS 0x0000000605800000, 0x0000000605800000| Untracked 
|  31|0x0000000605a00000, 0x0000000605a00000, 0x0000000605c00000|  0%| F|  |TAMS 0x0000000605a00000, 0x0000000605a00000| Untracked 
|  32|0x0000000605c00000, 0x0000000605c00000, 0x0000000605e00000|  0%| F|  |TAMS 0x0000000605c00000, 0x0000000605c00000| Untracked 
|  33|0x0000000605e00000, 0x0000000605e00000, 0x0000000606000000|  0%| F|  |TAMS 0x0000000605e00000, 0x0000000605e00000| Untracked 
|  34|0x0000000606000000, 0x0000000606000000, 0x0000000606200000|  0%| F|  |TAMS 0x0000000606000000, 0x0000000606000000| Untracked 
|  35|0x0000000606200000, 0x0000000606200000, 0x0000000606400000|  0%| F|  |TAMS 0x0000000606200000, 0x0000000606200000| Untracked 
|  36|0x0000000606400000, 0x0000000606400000, 0x0000000606600000|  0%| F|  |TAMS 0x0000000606400000, 0x0000000606400000| Untracked 
|  37|0x0000000606600000, 0x0000000606600000, 0x0000000606800000|  0%| F|  |TAMS 0x0000000606600000, 0x0000000606600000| Untracked 
|  38|0x0000000606800000, 0x0000000606800000, 0x0000000606a00000|  0%| F|  |TAMS 0x0000000606800000, 0x0000000606800000| Untracked 
|  39|0x0000000606a00000, 0x0000000606a00000, 0x0000000606c00000|  0%| F|  |TAMS 0x0000000606a00000, 0x0000000606a00000| Untracked 
|  40|0x0000000606c00000, 0x0000000606c00000, 0x0000000606e00000|  0%| F|  |TAMS 0x0000000606c00000, 0x0000000606c00000| Untracked 
|  41|0x0000000606e00000, 0x0000000606e00000, 0x0000000607000000|  0%| F|  |TAMS 0x0000000606e00000, 0x0000000606e00000| Untracked 
|  42|0x0000000607000000, 0x0000000607000000, 0x0000000607200000|  0%| F|  |TAMS 0x0000000607000000, 0x0000000607000000| Untracked 
|  43|0x0000000607200000, 0x0000000607200000, 0x0000000607400000|  0%| F|  |TAMS 0x0000000607200000, 0x0000000607200000| Untracked 
|  44|0x0000000607400000, 0x0000000607400000, 0x0000000607600000|  0%| F|  |TAMS 0x0000000607400000, 0x0000000607400000| Untracked 
|  45|0x0000000607600000, 0x0000000607600000, 0x0000000607800000|  0%| F|  |TAMS 0x0000000607600000, 0x0000000607600000| Untracked 
|  46|0x0000000607800000, 0x0000000607800000, 0x0000000607a00000|  0%| F|  |TAMS 0x0000000607800000, 0x0000000607800000| Untracked 
|  47|0x0000000607a00000, 0x0000000607a00000, 0x0000000607c00000|  0%| F|  |TAMS 0x0000000607a00000, 0x0000000607a00000| Untracked 
|  48|0x0000000607c00000, 0x0000000607c00000, 0x0000000607e00000|  0%| F|  |TAMS 0x0000000607c00000, 0x0000000607c00000| Untracked 
|  49|0x0000000607e00000, 0x0000000607e00000, 0x0000000608000000|  0%| F|  |TAMS 0x0000000607e00000, 0x0000000607e00000| Untracked 
|  50|0x0000000608000000, 0x0000000608000000, 0x0000000608200000|  0%| F|  |TAMS 0x0000000608000000, 0x0000000608000000| Untracked 
|  51|0x0000000608200000, 0x0000000608200000, 0x0000000608400000|  0%| F|  |TAMS 0x0000000608200000, 0x0000000608200000| Untracked 
|  52|0x0000000608400000, 0x0000000608400000, 0x0000000608600000|  0%| F|  |TAMS 0x0000000608400000, 0x0000000608400000| Untracked 
|  53|0x0000000608600000, 0x0000000608600000, 0x0000000608800000|  0%| F|  |TAMS 0x0000000608600000, 0x0000000608600000| Untracked 
|  54|0x0000000608800000, 0x0000000608800000, 0x0000000608a00000|  0%| F|  |TAMS 0x0000000608800000, 0x0000000608800000| Untracked 
|  55|0x0000000608a00000, 0x0000000608a00000, 0x0000000608c00000|  0%| F|  |TAMS 0x0000000608a00000, 0x0000000608a00000| Untracked 
|  56|0x0000000608c00000, 0x0000000608c00000, 0x0000000608e00000|  0%| F|  |TAMS 0x0000000608c00000, 0x0000000608c00000| Untracked 
|  57|0x0000000608e00000, 0x0000000608e00000, 0x0000000609000000|  0%| F|  |TAMS 0x0000000608e00000, 0x0000000608e00000| Untracked 
|  58|0x0000000609000000, 0x0000000609000000, 0x0000000609200000|  0%| F|  |TAMS 0x0000000609000000, 0x0000000609000000| Untracked 
|  59|0x0000000609200000, 0x0000000609200000, 0x0000000609400000|  0%| F|  |TAMS 0x0000000609200000, 0x0000000609200000| Untracked 
|  60|0x0000000609400000, 0x0000000609400000, 0x0000000609600000|  0%| F|  |TAMS 0x0000000609400000, 0x0000000609400000| Untracked 
|  61|0x0000000609600000, 0x0000000609600000, 0x0000000609800000|  0%| F|  |TAMS 0x0000000609600000, 0x0000000609600000| Untracked 
|  62|0x0000000609800000, 0x0000000609800000, 0x0000000609a00000|  0%| F|  |TAMS 0x0000000609800000, 0x0000000609800000| Untracked 
|  63|0x0000000609a00000, 0x0000000609a00000, 0x0000000609c00000|  0%| F|  |TAMS 0x0000000609a00000, 0x0000000609a00000| Untracked 
|  64|0x0000000609c00000, 0x0000000609c00000, 0x0000000609e00000|  0%| F|  |TAMS 0x0000000609c00000, 0x0000000609c00000| Untracked 
|  65|0x0000000609e00000, 0x0000000609e00000, 0x000000060a000000|  0%| F|  |TAMS 0x0000000609e00000, 0x0000000609e00000| Untracked 
|  66|0x000000060a000000, 0x000000060a000000, 0x000000060a200000|  0%| F|  |TAMS 0x000000060a000000, 0x000000060a000000| Untracked 
|  67|0x000000060a200000, 0x000000060a200000, 0x000000060a400000|  0%| F|  |TAMS 0x000000060a200000, 0x000000060a200000| Untracked 
|  68|0x000000060a400000, 0x000000060a400000, 0x000000060a600000|  0%| F|  |TAMS 0x000000060a400000, 0x000000060a400000| Untracked 
|  69|0x000000060a600000, 0x000000060a600000, 0x000000060a800000|  0%| F|  |TAMS 0x000000060a600000, 0x000000060a600000| Untracked 
|  70|0x000000060a800000, 0x000000060a800000, 0x000000060aa00000|  0%| F|  |TAMS 0x000000060a800000, 0x000000060a800000| Untracked 
|  71|0x000000060aa00000, 0x000000060aa00000, 0x000000060ac00000|  0%| F|  |TAMS 0x000000060aa00000, 0x000000060aa00000| Untracked 
|  72|0x000000060ac00000, 0x000000060ac00000, 0x000000060ae00000|  0%| F|  |TAMS 0x000000060ac00000, 0x000000060ac00000| Untracked 
|  73|0x000000060ae00000, 0x000000060ae00000, 0x000000060b000000|  0%| F|  |TAMS 0x000000060ae00000, 0x000000060ae00000| Untracked 
|  74|0x000000060b000000, 0x000000060b000000, 0x000000060b200000|  0%| F|  |TAMS 0x000000060b000000, 0x000000060b000000| Untracked 
|  75|0x000000060b200000, 0x000000060b200000, 0x000000060b400000|  0%| F|  |TAMS 0x000000060b200000, 0x000000060b200000| Untracked 
|  76|0x000000060b400000, 0x000000060b400000, 0x000000060b600000|  0%| F|  |TAMS 0x000000060b400000, 0x000000060b400000| Untracked 
|  77|0x000000060b600000, 0x000000060b600000, 0x000000060b800000|  0%| F|  |TAMS 0x000000060b600000, 0x000000060b600000| Untracked 
|  78|0x000000060b800000, 0x000000060b800000, 0x000000060ba00000|  0%| F|  |TAMS 0x000000060b800000, 0x000000060b800000| Untracked 
|  79|0x000000060ba00000, 0x000000060ba00000, 0x000000060bc00000|  0%| F|  |TAMS 0x000000060ba00000, 0x000000060ba00000| Untracked 
|  80|0x000000060bc00000, 0x000000060bc00000, 0x000000060be00000|  0%| F|  |TAMS 0x000000060bc00000, 0x000000060bc00000| Untracked 
|  81|0x000000060be00000, 0x000000060be00000, 0x000000060c000000|  0%| F|  |TAMS 0x000000060be00000, 0x000000060be00000| Untracked 
|  82|0x000000060c000000, 0x000000060c000000, 0x000000060c200000|  0%| F|  |TAMS 0x000000060c000000, 0x000000060c000000| Untracked 
|  83|0x000000060c200000, 0x000000060c200000, 0x000000060c400000|  0%| F|  |TAMS 0x000000060c200000, 0x000000060c200000| Untracked 
|  84|0x000000060c400000, 0x000000060c400000, 0x000000060c600000|  0%| F|  |TAMS 0x000000060c400000, 0x000000060c400000| Untracked 
|  85|0x000000060c600000, 0x000000060c600000, 0x000000060c800000|  0%| F|  |TAMS 0x000000060c600000, 0x000000060c600000| Untracked 
|  86|0x000000060c800000, 0x000000060c800000, 0x000000060ca00000|  0%| F|  |TAMS 0x000000060c800000, 0x000000060c800000| Untracked 
|  87|0x000000060ca00000, 0x000000060ca00000, 0x000000060cc00000|  0%| F|  |TAMS 0x000000060ca00000, 0x000000060ca00000| Untracked 
|  88|0x000000060cc00000, 0x000000060cc00000, 0x000000060ce00000|  0%| F|  |TAMS 0x000000060cc00000, 0x000000060cc00000| Untracked 
|  89|0x000000060ce00000, 0x000000060ce00000, 0x000000060d000000|  0%| F|  |TAMS 0x000000060ce00000, 0x000000060ce00000| Untracked 
|  90|0x000000060d000000, 0x000000060d000000, 0x000000060d200000|  0%| F|  |TAMS 0x000000060d000000, 0x000000060d000000| Untracked 
|  91|0x000000060d200000, 0x000000060d200000, 0x000000060d400000|  0%| F|  |TAMS 0x000000060d200000, 0x000000060d200000| Untracked 
|  92|0x000000060d400000, 0x000000060d400000, 0x000000060d600000|  0%| F|  |TAMS 0x000000060d400000, 0x000000060d400000| Untracked 
|  93|0x000000060d600000, 0x000000060d600000, 0x000000060d800000|  0%| F|  |TAMS 0x000000060d600000, 0x000000060d600000| Untracked 
|  94|0x000000060d800000, 0x000000060d800000, 0x000000060da00000|  0%| F|  |TAMS 0x000000060d800000, 0x000000060d800000| Untracked 
|  95|0x000000060da00000, 0x000000060da00000, 0x000000060dc00000|  0%| F|  |TAMS 0x000000060da00000, 0x000000060da00000| Untracked 
|  96|0x000000060dc00000, 0x000000060dc00000, 0x000000060de00000|  0%| F|  |TAMS 0x000000060dc00000, 0x000000060dc00000| Untracked 
|  97|0x000000060de00000, 0x000000060de00000, 0x000000060e000000|  0%| F|  |TAMS 0x000000060de00000, 0x000000060de00000| Untracked 
|  98|0x000000060e000000, 0x000000060e000000, 0x000000060e200000|  0%| F|  |TAMS 0x000000060e000000, 0x000000060e000000| Untracked 
|  99|0x000000060e200000, 0x000000060e200000, 0x000000060e400000|  0%| F|  |TAMS 0x000000060e200000, 0x000000060e200000| Untracked 
| 100|0x000000060e400000, 0x000000060e400000, 0x000000060e600000|  0%| F|  |TAMS 0x000000060e400000, 0x000000060e400000| Untracked 
| 101|0x000000060e600000, 0x000000060e600000, 0x000000060e800000|  0%| F|  |TAMS 0x000000060e600000, 0x000000060e600000| Untracked 
| 102|0x000000060e800000, 0x000000060e800000, 0x000000060ea00000|  0%| F|  |TAMS 0x000000060e800000, 0x000000060e800000| Untracked 
| 103|0x000000060ea00000, 0x000000060ea00000, 0x000000060ec00000|  0%| F|  |TAMS 0x000000060ea00000, 0x000000060ea00000| Untracked 
| 104|0x000000060ec00000, 0x000000060ec00000, 0x000000060ee00000|  0%| F|  |TAMS 0x000000060ec00000, 0x000000060ec00000| Untracked 
| 105|0x000000060ee00000, 0x000000060ee00000, 0x000000060f000000|  0%| F|  |TAMS 0x000000060ee00000, 0x000000060ee00000| Untracked 
| 106|0x000000060f000000, 0x000000060f000000, 0x000000060f200000|  0%| F|  |TAMS 0x000000060f000000, 0x000000060f000000| Untracked 
| 107|0x000000060f200000, 0x000000060f200000, 0x000000060f400000|  0%| F|  |TAMS 0x000000060f200000, 0x000000060f200000| Untracked 
| 108|0x000000060f400000, 0x000000060f400000, 0x000000060f600000|  0%| F|  |TAMS 0x000000060f400000, 0x000000060f400000| Untracked 
| 109|0x000000060f600000, 0x000000060f600000, 0x000000060f800000|  0%| F|  |TAMS 0x000000060f600000, 0x000000060f600000| Untracked 
| 110|0x000000060f800000, 0x000000060f800000, 0x000000060fa00000|  0%| F|  |TAMS 0x000000060f800000, 0x000000060f800000| Untracked 
| 111|0x000000060fa00000, 0x000000060fa00000, 0x000000060fc00000|  0%| F|  |TAMS 0x000000060fa00000, 0x000000060fa00000| Untracked 
| 112|0x000000060fc00000, 0x000000060fc00000, 0x000000060fe00000|  0%| F|  |TAMS 0x000000060fc00000, 0x000000060fc00000| Untracked 
| 113|0x000000060fe00000, 0x000000060fe00000, 0x0000000610000000|  0%| F|  |TAMS 0x000000060fe00000, 0x000000060fe00000| Untracked 
| 114|0x0000000610000000, 0x0000000610000000, 0x0000000610200000|  0%| F|  |TAMS 0x0000000610000000, 0x0000000610000000| Untracked 
| 115|0x0000000610200000, 0x0000000610200000, 0x0000000610400000|  0%| F|  |TAMS 0x0000000610200000, 0x0000000610200000| Untracked 
| 116|0x0000000610400000, 0x0000000610400000, 0x0000000610600000|  0%| F|  |TAMS 0x0000000610400000, 0x0000000610400000| Untracked 
| 117|0x0000000610600000, 0x0000000610600000, 0x0000000610800000|  0%| F|  |TAMS 0x0000000610600000, 0x0000000610600000| Untracked 
| 118|0x0000000610800000, 0x0000000610800000, 0x0000000610a00000|  0%| F|  |TAMS 0x0000000610800000, 0x0000000610800000| Untracked 
| 119|0x0000000610a00000, 0x0000000610a00000, 0x0000000610c00000|  0%| F|  |TAMS 0x0000000610a00000, 0x0000000610a00000| Untracked 
| 120|0x0000000610c00000, 0x0000000610c00000, 0x0000000610e00000|  0%| F|  |TAMS 0x0000000610c00000, 0x0000000610c00000| Untracked 
| 121|0x0000000610e00000, 0x0000000610e00000, 0x0000000611000000|  0%| F|  |TAMS 0x0000000610e00000, 0x0000000610e00000| Untracked 
| 122|0x0000000611000000, 0x0000000611000000, 0x0000000611200000|  0%| F|  |TAMS 0x0000000611000000, 0x0000000611000000| Untracked 
| 123|0x0000000611200000, 0x0000000611200000, 0x0000000611400000|  0%| F|  |TAMS 0x0000000611200000, 0x0000000611200000| Untracked 
| 124|0x0000000611400000, 0x0000000611400000, 0x0000000611600000|  0%| F|  |TAMS 0x0000000611400000, 0x0000000611400000| Untracked 
| 125|0x0000000611600000, 0x0000000611600000, 0x0000000611800000|  0%| F|  |TAMS 0x0000000611600000, 0x0000000611600000| Untracked 
| 126|0x0000000611800000, 0x0000000611800000, 0x0000000611a00000|  0%| F|  |TAMS 0x0000000611800000, 0x0000000611800000| Untracked 
| 127|0x0000000611a00000, 0x0000000611a00000, 0x0000000611c00000|  0%| F|  |TAMS 0x0000000611a00000, 0x0000000611a00000| Untracked 
| 128|0x0000000611c00000, 0x0000000611c00000, 0x0000000611e00000|  0%| F|  |TAMS 0x0000000611c00000, 0x0000000611c00000| Untracked 
| 129|0x0000000611e00000, 0x0000000611e00000, 0x0000000612000000|  0%| F|  |TAMS 0x0000000611e00000, 0x0000000611e00000| Untracked 
| 130|0x0000000612000000, 0x0000000612000000, 0x0000000612200000|  0%| F|  |TAMS 0x0000000612000000, 0x0000000612000000| Untracked 
| 131|0x0000000612200000, 0x0000000612200000, 0x0000000612400000|  0%| F|  |TAMS 0x0000000612200000, 0x0000000612200000| Untracked 
| 132|0x0000000612400000, 0x0000000612400000, 0x0000000612600000|  0%| F|  |TAMS 0x0000000612400000, 0x0000000612400000| Untracked 
| 133|0x0000000612600000, 0x0000000612600000, 0x0000000612800000|  0%| F|  |TAMS 0x0000000612600000, 0x0000000612600000| Untracked 
| 134|0x0000000612800000, 0x0000000612800000, 0x0000000612a00000|  0%| F|  |TAMS 0x0000000612800000, 0x0000000612800000| Untracked 
| 135|0x0000000612a00000, 0x0000000612a00000, 0x0000000612c00000|  0%| F|  |TAMS 0x0000000612a00000, 0x0000000612a00000| Untracked 
| 136|0x0000000612c00000, 0x0000000612c00000, 0x0000000612e00000|  0%| F|  |TAMS 0x0000000612c00000, 0x0000000612c00000| Untracked 
| 137|0x0000000612e00000, 0x0000000612e00000, 0x0000000613000000|  0%| F|  |TAMS 0x0000000612e00000, 0x0000000612e00000| Untracked 
| 138|0x0000000613000000, 0x0000000613000000, 0x0000000613200000|  0%| F|  |TAMS 0x0000000613000000, 0x0000000613000000| Untracked 
| 139|0x0000000613200000, 0x0000000613200000, 0x0000000613400000|  0%| F|  |TAMS 0x0000000613200000, 0x0000000613200000| Untracked 
| 140|0x0000000613400000, 0x0000000613400000, 0x0000000613600000|  0%| F|  |TAMS 0x0000000613400000, 0x0000000613400000| Untracked 
| 141|0x0000000613600000, 0x0000000613600000, 0x0000000613800000|  0%| F|  |TAMS 0x0000000613600000, 0x0000000613600000| Untracked 
| 142|0x0000000613800000, 0x0000000613800000, 0x0000000613a00000|  0%| F|  |TAMS 0x0000000613800000, 0x0000000613800000| Untracked 
| 143|0x0000000613a00000, 0x0000000613a00000, 0x0000000613c00000|  0%| F|  |TAMS 0x0000000613a00000, 0x0000000613a00000| Untracked 
| 144|0x0000000613c00000, 0x0000000613c00000, 0x0000000613e00000|  0%| F|  |TAMS 0x0000000613c00000, 0x0000000613c00000| Untracked 
| 145|0x0000000613e00000, 0x0000000613e00000, 0x0000000614000000|  0%| F|  |TAMS 0x0000000613e00000, 0x0000000613e00000| Untracked 
| 146|0x0000000614000000, 0x0000000614000000, 0x0000000614200000|  0%| F|  |TAMS 0x0000000614000000, 0x0000000614000000| Untracked 
| 147|0x0000000614200000, 0x0000000614200000, 0x0000000614400000|  0%| F|  |TAMS 0x0000000614200000, 0x0000000614200000| Untracked 
| 148|0x0000000614400000, 0x0000000614400000, 0x0000000614600000|  0%| F|  |TAMS 0x0000000614400000, 0x0000000614400000| Untracked 
| 149|0x0000000614600000, 0x0000000614600000, 0x0000000614800000|  0%| F|  |TAMS 0x0000000614600000, 0x0000000614600000| Untracked 
| 150|0x0000000614800000, 0x0000000614800000, 0x0000000614a00000|  0%| F|  |TAMS 0x0000000614800000, 0x0000000614800000| Untracked 
| 151|0x0000000614a00000, 0x0000000614a00000, 0x0000000614c00000|  0%| F|  |TAMS 0x0000000614a00000, 0x0000000614a00000| Untracked 
| 152|0x0000000614c00000, 0x0000000614c00000, 0x0000000614e00000|  0%| F|  |TAMS 0x0000000614c00000, 0x0000000614c00000| Untracked 
| 153|0x0000000614e00000, 0x0000000614e00000, 0x0000000615000000|  0%| F|  |TAMS 0x0000000614e00000, 0x0000000614e00000| Untracked 
| 154|0x0000000615000000, 0x0000000615000000, 0x0000000615200000|  0%| F|  |TAMS 0x0000000615000000, 0x0000000615000000| Untracked 
| 155|0x0000000615200000, 0x0000000615200000, 0x0000000615400000|  0%| F|  |TAMS 0x0000000615200000, 0x0000000615200000| Untracked 
| 156|0x0000000615400000, 0x0000000615400000, 0x0000000615600000|  0%| F|  |TAMS 0x0000000615400000, 0x0000000615400000| Untracked 
| 157|0x0000000615600000, 0x0000000615600000, 0x0000000615800000|  0%| F|  |TAMS 0x0000000615600000, 0x0000000615600000| Untracked 
| 158|0x0000000615800000, 0x0000000615800000, 0x0000000615a00000|  0%| F|  |TAMS 0x0000000615800000, 0x0000000615800000| Untracked 
| 159|0x0000000615a00000, 0x0000000615a00000, 0x0000000615c00000|  0%| F|  |TAMS 0x0000000615a00000, 0x0000000615a00000| Untracked 
| 160|0x0000000615c00000, 0x0000000615c00000, 0x0000000615e00000|  0%| F|  |TAMS 0x0000000615c00000, 0x0000000615c00000| Untracked 
| 161|0x0000000615e00000, 0x0000000615e00000, 0x0000000616000000|  0%| F|  |TAMS 0x0000000615e00000, 0x0000000615e00000| Untracked 
| 162|0x0000000616000000, 0x0000000616000000, 0x0000000616200000|  0%| F|  |TAMS 0x0000000616000000, 0x0000000616000000| Untracked 
| 163|0x0000000616200000, 0x0000000616200000, 0x0000000616400000|  0%| F|  |TAMS 0x0000000616200000, 0x0000000616200000| Untracked 
| 164|0x0000000616400000, 0x0000000616400000, 0x0000000616600000|  0%| F|  |TAMS 0x0000000616400000, 0x0000000616400000| Untracked 
| 165|0x0000000616600000, 0x0000000616600000, 0x0000000616800000|  0%| F|  |TAMS 0x0000000616600000, 0x0000000616600000| Untracked 
| 166|0x0000000616800000, 0x0000000616800000, 0x0000000616a00000|  0%| F|  |TAMS 0x0000000616800000, 0x0000000616800000| Untracked 
| 167|0x0000000616a00000, 0x0000000616a00000, 0x0000000616c00000|  0%| F|  |TAMS 0x0000000616a00000, 0x0000000616a00000| Untracked 
| 168|0x0000000616c00000, 0x0000000616c00000, 0x0000000616e00000|  0%| F|  |TAMS 0x0000000616c00000, 0x0000000616c00000| Untracked 
| 169|0x0000000616e00000, 0x0000000616e00000, 0x0000000617000000|  0%| F|  |TAMS 0x0000000616e00000, 0x0000000616e00000| Untracked 
| 170|0x0000000617000000, 0x0000000617000000, 0x0000000617200000|  0%| F|  |TAMS 0x0000000617000000, 0x0000000617000000| Untracked 
| 171|0x0000000617200000, 0x0000000617200000, 0x0000000617400000|  0%| F|  |TAMS 0x0000000617200000, 0x0000000617200000| Untracked 
| 172|0x0000000617400000, 0x0000000617400000, 0x0000000617600000|  0%| F|  |TAMS 0x0000000617400000, 0x0000000617400000| Untracked 
| 173|0x0000000617600000, 0x0000000617600000, 0x0000000617800000|  0%| F|  |TAMS 0x0000000617600000, 0x0000000617600000| Untracked 
| 174|0x0000000617800000, 0x0000000617800000, 0x0000000617a00000|  0%| F|  |TAMS 0x0000000617800000, 0x0000000617800000| Untracked 
| 175|0x0000000617a00000, 0x0000000617a00000, 0x0000000617c00000|  0%| F|  |TAMS 0x0000000617a00000, 0x0000000617a00000| Untracked 
| 176|0x0000000617c00000, 0x0000000617c00000, 0x0000000617e00000|  0%| F|  |TAMS 0x0000000617c00000, 0x0000000617c00000| Untracked 
| 177|0x0000000617e00000, 0x0000000617e00000, 0x0000000618000000|  0%| F|  |TAMS 0x0000000617e00000, 0x0000000617e00000| Untracked 
| 178|0x0000000618000000, 0x0000000618000000, 0x0000000618200000|  0%| F|  |TAMS 0x0000000618000000, 0x0000000618000000| Untracked 
| 179|0x0000000618200000, 0x0000000618200000, 0x0000000618400000|  0%| F|  |TAMS 0x0000000618200000, 0x0000000618200000| Untracked 
| 180|0x0000000618400000, 0x0000000618400000, 0x0000000618600000|  0%| F|  |TAMS 0x0000000618400000, 0x0000000618400000| Untracked 
| 181|0x0000000618600000, 0x0000000618600000, 0x0000000618800000|  0%| F|  |TAMS 0x0000000618600000, 0x0000000618600000| Untracked 
| 182|0x0000000618800000, 0x0000000618800000, 0x0000000618a00000|  0%| F|  |TAMS 0x0000000618800000, 0x0000000618800000| Untracked 
| 183|0x0000000618a00000, 0x0000000618a00000, 0x0000000618c00000|  0%| F|  |TAMS 0x0000000618a00000, 0x0000000618a00000| Untracked 
| 184|0x0000000618c00000, 0x0000000618c00000, 0x0000000618e00000|  0%| F|  |TAMS 0x0000000618c00000, 0x0000000618c00000| Untracked 
| 185|0x0000000618e00000, 0x0000000618e00000, 0x0000000619000000|  0%| F|  |TAMS 0x0000000618e00000, 0x0000000618e00000| Untracked 
| 186|0x0000000619000000, 0x0000000619000000, 0x0000000619200000|  0%| F|  |TAMS 0x0000000619000000, 0x0000000619000000| Untracked 
| 187|0x0000000619200000, 0x0000000619200000, 0x0000000619400000|  0%| F|  |TAMS 0x0000000619200000, 0x0000000619200000| Untracked 
| 188|0x0000000619400000, 0x0000000619400000, 0x0000000619600000|  0%| F|  |TAMS 0x0000000619400000, 0x0000000619400000| Untracked 
| 189|0x0000000619600000, 0x0000000619600000, 0x0000000619800000|  0%| F|  |TAMS 0x0000000619600000, 0x0000000619600000| Untracked 
| 190|0x0000000619800000, 0x0000000619800000, 0x0000000619a00000|  0%| F|  |TAMS 0x0000000619800000, 0x0000000619800000| Untracked 
| 191|0x0000000619a00000, 0x0000000619a00000, 0x0000000619c00000|  0%| F|  |TAMS 0x0000000619a00000, 0x0000000619a00000| Untracked 
| 192|0x0000000619c00000, 0x0000000619c00000, 0x0000000619e00000|  0%| F|  |TAMS 0x0000000619c00000, 0x0000000619c00000| Untracked 
| 193|0x0000000619e00000, 0x0000000619e00000, 0x000000061a000000|  0%| F|  |TAMS 0x0000000619e00000, 0x0000000619e00000| Untracked 
| 194|0x000000061a000000, 0x000000061a000000, 0x000000061a200000|  0%| F|  |TAMS 0x000000061a000000, 0x000000061a000000| Untracked 
| 195|0x000000061a200000, 0x000000061a200000, 0x000000061a400000|  0%| F|  |TAMS 0x000000061a200000, 0x000000061a200000| Untracked 
| 196|0x000000061a400000, 0x000000061a400000, 0x000000061a600000|  0%| F|  |TAMS 0x000000061a400000, 0x000000061a400000| Untracked 
| 197|0x000000061a600000, 0x000000061a600000, 0x000000061a800000|  0%| F|  |TAMS 0x000000061a600000, 0x000000061a600000| Untracked 
| 198|0x000000061a800000, 0x000000061a800000, 0x000000061aa00000|  0%| F|  |TAMS 0x000000061a800000, 0x000000061a800000| Untracked 
| 199|0x000000061aa00000, 0x000000061aa00000, 0x000000061ac00000|  0%| F|  |TAMS 0x000000061aa00000, 0x000000061aa00000| Untracked 
| 200|0x000000061ac00000, 0x000000061ac00000, 0x000000061ae00000|  0%| F|  |TAMS 0x000000061ac00000, 0x000000061ac00000| Untracked 
| 201|0x000000061ae00000, 0x000000061ae00000, 0x000000061b000000|  0%| F|  |TAMS 0x000000061ae00000, 0x000000061ae00000| Untracked 
| 202|0x000000061b000000, 0x000000061b000000, 0x000000061b200000|  0%| F|  |TAMS 0x000000061b000000, 0x000000061b000000| Untracked 
| 203|0x000000061b200000, 0x000000061b200000, 0x000000061b400000|  0%| F|  |TAMS 0x000000061b200000, 0x000000061b200000| Untracked 
| 204|0x000000061b400000, 0x000000061b400000, 0x000000061b600000|  0%| F|  |TAMS 0x000000061b400000, 0x000000061b400000| Untracked 
| 205|0x000000061b600000, 0x000000061b600000, 0x000000061b800000|  0%| F|  |TAMS 0x000000061b600000, 0x000000061b600000| Untracked 
| 206|0x000000061b800000, 0x000000061b800000, 0x000000061ba00000|  0%| F|  |TAMS 0x000000061b800000, 0x000000061b800000| Untracked 
| 207|0x000000061ba00000, 0x000000061ba00000, 0x000000061bc00000|  0%| F|  |TAMS 0x000000061ba00000, 0x000000061ba00000| Untracked 
| 208|0x000000061bc00000, 0x000000061bc00000, 0x000000061be00000|  0%| F|  |TAMS 0x000000061bc00000, 0x000000061bc00000| Untracked 
| 209|0x000000061be00000, 0x000000061be00000, 0x000000061c000000|  0%| F|  |TAMS 0x000000061be00000, 0x000000061be00000| Untracked 
| 210|0x000000061c000000, 0x000000061c000000, 0x000000061c200000|  0%| F|  |TAMS 0x000000061c000000, 0x000000061c000000| Untracked 
| 211|0x000000061c200000, 0x000000061c200000, 0x000000061c400000|  0%| F|  |TAMS 0x000000061c200000, 0x000000061c200000| Untracked 
| 212|0x000000061c400000, 0x000000061c400000, 0x000000061c600000|  0%| F|  |TAMS 0x000000061c400000, 0x000000061c400000| Untracked 
| 213|0x000000061c600000, 0x000000061c600000, 0x000000061c800000|  0%| F|  |TAMS 0x000000061c600000, 0x000000061c600000| Untracked 
| 214|0x000000061c800000, 0x000000061c800000, 0x000000061ca00000|  0%| F|  |TAMS 0x000000061c800000, 0x000000061c800000| Untracked 
| 215|0x000000061ca00000, 0x000000061ca00000, 0x000000061cc00000|  0%| F|  |TAMS 0x000000061ca00000, 0x000000061ca00000| Untracked 
| 216|0x000000061cc00000, 0x000000061cc00000, 0x000000061ce00000|  0%| F|  |TAMS 0x000000061cc00000, 0x000000061cc00000| Untracked 
| 217|0x000000061ce00000, 0x000000061cec96c0, 0x000000061d000000| 39%| S|CS|TAMS 0x000000061ce00000, 0x000000061ce00000| Complete 
| 218|0x000000061d000000, 0x000000061d200000, 0x000000061d200000|100%| S|CS|TAMS 0x000000061d000000, 0x000000061d000000| Complete 
| 219|0x000000061d200000, 0x000000061d400000, 0x000000061d400000|100%| S|CS|TAMS 0x000000061d200000, 0x000000061d200000| Complete 
| 220|0x000000061d400000, 0x000000061d600000, 0x000000061d600000|100%| S|CS|TAMS 0x000000061d400000, 0x000000061d400000| Complete 
| 221|0x000000061d600000, 0x000000061d800000, 0x000000061d800000|100%| S|CS|TAMS 0x000000061d600000, 0x000000061d600000| Complete 
| 222|0x000000061d800000, 0x000000061da00000, 0x000000061da00000|100%| S|CS|TAMS 0x000000061d800000, 0x000000061d800000| Complete 
| 223|0x000000061da00000, 0x000000061dc00000, 0x000000061dc00000|100%| S|CS|TAMS 0x000000061da00000, 0x000000061da00000| Complete 
| 224|0x000000061dc00000, 0x000000061dc00000, 0x000000061de00000|  0%| F|  |TAMS 0x000000061dc00000, 0x000000061dc00000| Untracked 
| 225|0x000000061de00000, 0x000000061de00000, 0x000000061e000000|  0%| F|  |TAMS 0x000000061de00000, 0x000000061de00000| Untracked 
| 226|0x000000061e000000, 0x000000061e000000, 0x000000061e200000|  0%| F|  |TAMS 0x000000061e000000, 0x000000061e000000| Untracked 
| 227|0x000000061e200000, 0x000000061e200000, 0x000000061e400000|  0%| F|  |TAMS 0x000000061e200000, 0x000000061e200000| Untracked 
| 228|0x000000061e400000, 0x000000061e400000, 0x000000061e600000|  0%| F|  |TAMS 0x000000061e400000, 0x000000061e400000| Untracked 
| 229|0x000000061e600000, 0x000000061e600000, 0x000000061e800000|  0%| F|  |TAMS 0x000000061e600000, 0x000000061e600000| Untracked 
| 230|0x000000061e800000, 0x000000061e800000, 0x000000061ea00000|  0%| F|  |TAMS 0x000000061e800000, 0x000000061e800000| Untracked 
| 231|0x000000061ea00000, 0x000000061ea00000, 0x000000061ec00000|  0%| F|  |TAMS 0x000000061ea00000, 0x000000061ea00000| Untracked 
| 232|0x000000061ec00000, 0x000000061ec00000, 0x000000061ee00000|  0%| F|  |TAMS 0x000000061ec00000, 0x000000061ec00000| Untracked 
| 233|0x000000061ee00000, 0x000000061ee00000, 0x000000061f000000|  0%| F|  |TAMS 0x000000061ee00000, 0x000000061ee00000| Untracked 
| 234|0x000000061f000000, 0x000000061f000000, 0x000000061f200000|  0%| F|  |TAMS 0x000000061f000000, 0x000000061f000000| Untracked 
| 235|0x000000061f200000, 0x000000061f200000, 0x000000061f400000|  0%| F|  |TAMS 0x000000061f200000, 0x000000061f200000| Untracked 
| 236|0x000000061f400000, 0x000000061f400000, 0x000000061f600000|  0%| F|  |TAMS 0x000000061f400000, 0x000000061f400000| Untracked 
| 237|0x000000061f600000, 0x000000061f600000, 0x000000061f800000|  0%| F|  |TAMS 0x000000061f600000, 0x000000061f600000| Untracked 
| 238|0x000000061f800000, 0x000000061f800000, 0x000000061fa00000|  0%| F|  |TAMS 0x000000061f800000, 0x000000061f800000| Untracked 
| 239|0x000000061fa00000, 0x000000061fa00000, 0x000000061fc00000|  0%| F|  |TAMS 0x000000061fa00000, 0x000000061fa00000| Untracked 
| 240|0x000000061fc00000, 0x000000061fc00000, 0x000000061fe00000|  0%| F|  |TAMS 0x000000061fc00000, 0x000000061fc00000| Untracked 
| 241|0x000000061fe00000, 0x000000061fe00000, 0x0000000620000000|  0%| F|  |TAMS 0x000000061fe00000, 0x000000061fe00000| Untracked 
| 242|0x0000000620000000, 0x0000000620000000, 0x0000000620200000|  0%| F|  |TAMS 0x0000000620000000, 0x0000000620000000| Untracked 
| 243|0x0000000620200000, 0x0000000620200000, 0x0000000620400000|  0%| F|  |TAMS 0x0000000620200000, 0x0000000620200000| Untracked 
| 244|0x0000000620400000, 0x0000000620400000, 0x0000000620600000|  0%| F|  |TAMS 0x0000000620400000, 0x0000000620400000| Untracked 
| 245|0x0000000620600000, 0x0000000620600000, 0x0000000620800000|  0%| F|  |TAMS 0x0000000620600000, 0x0000000620600000| Untracked 
| 246|0x0000000620800000, 0x0000000620800000, 0x0000000620a00000|  0%| F|  |TAMS 0x0000000620800000, 0x0000000620800000| Untracked 
| 247|0x0000000620a00000, 0x0000000620a00000, 0x0000000620c00000|  0%| F|  |TAMS 0x0000000620a00000, 0x0000000620a00000| Untracked 
| 248|0x0000000620c00000, 0x0000000620c00000, 0x0000000620e00000|  0%| F|  |TAMS 0x0000000620c00000, 0x0000000620c00000| Untracked 
| 249|0x0000000620e00000, 0x0000000620e00000, 0x0000000621000000|  0%| F|  |TAMS 0x0000000620e00000, 0x0000000620e00000| Untracked 
| 250|0x0000000621000000, 0x0000000621000000, 0x0000000621200000|  0%| F|  |TAMS 0x0000000621000000, 0x0000000621000000| Untracked 
| 251|0x0000000621200000, 0x0000000621200000, 0x0000000621400000|  0%| F|  |TAMS 0x0000000621200000, 0x0000000621200000| Untracked 
| 252|0x0000000621400000, 0x0000000621400000, 0x0000000621600000|  0%| F|  |TAMS 0x0000000621400000, 0x0000000621400000| Untracked 
| 253|0x0000000621600000, 0x0000000621600000, 0x0000000621800000|  0%| F|  |TAMS 0x0000000621600000, 0x0000000621600000| Untracked 
| 254|0x0000000621800000, 0x0000000621901c10, 0x0000000621a00000| 50%| E|  |TAMS 0x0000000621800000, 0x0000000621800000| Complete 
| 255|0x0000000621a00000, 0x0000000621c00000, 0x0000000621c00000|100%| E|CS|TAMS 0x0000000621a00000, 0x0000000621a00000| Complete 

Card table byte_map: [0x000001b020dd0000,0x000001b021dd0000] _byte_map_base: 0x000001b01ddc2000

Marking Bits (Prev, Next): (CMBitMap*) 0x000001b007e53fe8, (CMBitMap*) 0x000001b007e54020
 Prev Bits: [0x000001b022dd0000, 0x000001b02ad60000)
 Next Bits: [0x000001b02ad60000, 0x000001b032cf0000)

Polling page: 0x000001b005da0000

Metaspace:

Usage:
  Non-class:     19.32 MB capacity,    19.16 MB (>99%) used,   128.95 KB ( <1%) free+waste,    33.19 KB ( <1%) overhead. 
      Class:      2.18 MB capacity,     2.07 MB ( 95%) used,    94.32 KB (  4%) free+waste,    13.88 KB ( <1%) overhead. 
       Both:     21.50 MB capacity,    21.23 MB ( 99%) used,   223.27 KB (  1%) free+waste,    47.06 KB ( <1%) overhead. 

Virtual space:
  Non-class space:       20.00 MB reserved,      19.42 MB ( 97%) committed 
      Class space:        1.00 GB reserved,       2.20 MB ( <1%) committed 
             Both:        1.02 GB reserved,      21.62 MB (  2%) committed 

Chunk freelists:
   Non-Class:  58.00 KB
       Class:  11.00 KB
        Both:  69.00 KB

MaxMetaspaceSize: 17179869184.00 GB
CompressedClassSpaceSize: 1.00 GB
Initial GC threshold: 20.80 MB
Current GC threshold: 21.77 MB
CDS: off

CodeHeap 'non-profiled nmethods': size=119168Kb used=656Kb max_used=656Kb free=118511Kb
 bounds [0x000001b0180f0000, 0x000001b018360000, 0x000001b01f550000]
CodeHeap 'profiled nmethods': size=119168Kb used=3760Kb max_used=3760Kb free=115407Kb
 bounds [0x000001b010c90000, 0x000001b011040000, 0x000001b0180f0000]
CodeHeap 'non-nmethods': size=7424Kb used=2885Kb max_used=2900Kb free=4538Kb
 bounds [0x000001b010550000, 0x000001b010830000, 0x000001b010c90000]
 total_blobs=2275 nmethods=1805 adapters=380
 compilation: enabled
              stopped_count=0, restarted_count=0
 full_count=0

Compilation events (20 events):
Event: 0.687 Thread 0x000001b0369b8800 nmethod 1788 0x000001b018190990 code [0x000001b018190b40, 0x000001b018190bf8]
Event: 0.688 Thread 0x000001b0369d1000 1791       4       java.lang.CharacterDataLatin1::isWhitespace (23 bytes)
Event: 0.688 Thread 0x000001b0369bf000 1790       3       java.util.ArrayList::toArray (57 bytes)
Event: 0.688 Thread 0x000001b036823000 1792       3       java.lang.Class::newReflectionData (66 bytes)
Event: 0.688 Thread 0x000001b0369bb800 nmethod 1789 0x000001b011033590 code [0x000001b011033920, 0x000001b011035bd8]
Event: 0.688 Thread 0x000001b0369bf000 nmethod 1790 0x000001b011036690 code [0x000001b011036880, 0x000001b011036df8]
Event: 0.688 Thread 0x000001b036823000 nmethod 1792 0x000001b011036f10 code [0x000001b011037140, 0x000001b011037ae8]
Event: 0.689 Thread 0x000001b0369d1000 nmethod 1791 0x000001b018190c90 code [0x000001b018190e20, 0x000001b018190eb8]
Event: 0.689 Thread 0x000001b0369b8800 1793       3       java.lang.Short::<init> (10 bytes)
Event: 0.689 Thread 0x000001b0369b8800 nmethod 1793 0x000001b011037d90 code [0x000001b011037f40, 0x000001b0110380f8]
Event: 0.690 Thread 0x000001b0369bb800 1794       3       java.lang.reflect.Array::newInstance (6 bytes)
Event: 0.690 Thread 0x000001b0369bb800 nmethod 1794 0x000001b011038210 code [0x000001b0110383c0, 0x000001b0110384c8]
Event: 0.691 Thread 0x000001b0369bf000 1795       3       java.nio.ByteBuffer::wrap (8 bytes)
Event: 0.691 Thread 0x000001b0369bf000 nmethod 1795 0x000001b011038590 code [0x000001b011038780, 0x000001b011038b18]
Event: 0.695 Thread 0x000001b0369d0000 nmethod 1785 0x000001b018190f90 code [0x000001b0181911c0, 0x000001b018192920]
Event: 0.699 Thread 0x000001b036823000 1796       3       java.lang.invoke.LambdaFormEditor$Transform::bval (26 bytes)
Event: 0.699 Thread 0x000001b036823000 nmethod 1796 0x000001b011038d10 code [0x000001b011038ec0, 0x000001b011038fb8]
Event: 0.707 Thread 0x000001b0369b8800 1798   !   3       java.lang.ref.ReferenceQueue::enqueue (119 bytes)
Event: 0.708 Thread 0x000001b0369b8800 nmethod 1798 0x000001b011039090 code [0x000001b011039280, 0x000001b011039a48]
Event: 0.714 Thread 0x000001b036816000 1799       4       java.lang.ClassLoader::checkName (37 bytes)

GC Heap History (4 events):
Event: 0.435 GC heap before
{Heap before GC invocations=0 (full 0):
 garbage-first heap   total 524288K, used 24576K [0x0000000601c00000, 0x0000000800000000)
  region size 2048K, 12 young (24576K), 0 survivors (0K)
 Metaspace       used 16009K, capacity 16298K, committed 16512K, reserved 1064960K
  class space    used 1532K, capacity 1623K, committed 1664K, reserved 1048576K
}
Event: 0.437 GC heap after
{Heap after GC invocations=1 (full 0):
 garbage-first heap   total 524288K, used 6890K [0x0000000601c00000, 0x0000000800000000)
  region size 2048K, 2 young (4096K), 2 survivors (4096K)
 Metaspace       used 16009K, capacity 16298K, committed 16512K, reserved 1064960K
  class space    used 1532K, capacity 1623K, committed 1664K, reserved 1048576K
}
Event: 0.702 GC heap before
{Heap before GC invocations=1 (full 0):
 garbage-first heap   total 524288K, used 68330K [0x0000000601c00000, 0x0000000800000000)
  region size 2048K, 32 young (65536K), 2 survivors (4096K)
 Metaspace       used 20889K, capacity 21144K, committed 21296K, reserved 1069056K
  class space    used 2036K, capacity 2132K, committed 2176K, reserved 1048576K
}
Event: 0.707 GC heap after
{Heap after GC invocations=2 (full 0):
 garbage-first heap   total 524288K, used 15888K [0x0000000601c00000, 0x0000000800000000)
  region size 2048K, 7 young (14336K), 7 survivors (14336K)
 Metaspace       used 20889K, capacity 21144K, committed 21296K, reserved 1069056K
  class space    used 2036K, capacity 2132K, committed 2176K, reserved 1048576K
}

Deoptimization events (20 events):
Event: 0.505 Thread 0x000001b037916800 DEOPT PACKING pc=0x000001b0180faa1c sp=0x00000049a83fef00
Event: 0.505 Thread 0x000001b037916800 DEOPT UNPACKING pc=0x000001b01059a1af sp=0x00000049a83fee28 mode 2
Event: 0.505 Thread 0x000001b037916800 Uncommon trap: trap_request=0xffffff4d fr.pc=0x000001b01815a474 relative=0x0000000000000234
Event: 0.505 Thread 0x000001b037916800 Uncommon trap: reason=unstable_if action=reinterpret pc=0x000001b01815a474 method=java.lang.String.startsWith(Ljava/lang/String;I)Z @ 131 c2
Event: 0.505 Thread 0x000001b037916800 DEOPT PACKING pc=0x000001b01815a474 sp=0x00000049a83ff000
Event: 0.505 Thread 0x000001b037916800 DEOPT UNPACKING pc=0x000001b01059a1af sp=0x00000049a83fef80 mode 2
Event: 0.583 Thread 0x000001b007dc8800 DEOPT PACKING pc=0x000001b010fb7cbd sp=0x00000049a5cfe380
Event: 0.583 Thread 0x000001b007dc8800 DEOPT UNPACKING pc=0x000001b01059a95e sp=0x00000049a5cfd8a0 mode 0
Event: 0.603 Thread 0x000001b007dc8800 Uncommon trap: trap_request=0xffffff4d fr.pc=0x000001b018140ed0 relative=0x0000000000000e10
Event: 0.603 Thread 0x000001b007dc8800 Uncommon trap: reason=unstable_if action=reinterpret pc=0x000001b018140ed0 method=java.util.jar.JarFile.getVersionedEntry(Ljava/lang/String;Ljava/util/jar/JarEntry;)Ljava/util/jar/JarEntry; @ 7 c2
Event: 0.604 Thread 0x000001b007dc8800 DEOPT PACKING pc=0x000001b018140ed0 sp=0x00000049a5cfbfa0
Event: 0.604 Thread 0x000001b007dc8800 DEOPT UNPACKING pc=0x000001b01059a1af sp=0x00000049a5cfbf20 mode 2
Event: 0.622 Thread 0x000001b007dc8800 Uncommon trap: trap_request=0xffffff4d fr.pc=0x000001b018143bd4 relative=0x00000000000009d4
Event: 0.622 Thread 0x000001b007dc8800 Uncommon trap: reason=unstable_if action=reinterpret pc=0x000001b018143bd4 method=java.util.jar.JarFile.getVersionedEntry(Ljava/lang/String;Ljava/util/jar/JarEntry;)Ljava/util/jar/JarEntry; @ 67 c2
Event: 0.622 Thread 0x000001b007dc8800 DEOPT PACKING pc=0x000001b018143bd4 sp=0x00000049a5cf5430
Event: 0.622 Thread 0x000001b007dc8800 DEOPT UNPACKING pc=0x000001b01059a1af sp=0x00000049a5cf52f0 mode 2
Event: 0.685 Thread 0x000001b007dc8800 Uncommon trap: trap_request=0xffffff4d fr.pc=0x000001b018174b04 relative=0x0000000000001324
Event: 0.685 Thread 0x000001b007dc8800 Uncommon trap: reason=unstable_if action=reinterpret pc=0x000001b018174b04 method=java.util.concurrent.ConcurrentHashMap.putVal(Ljava/lang/Object;Ljava/lang/Object;Z)Ljava/lang/Object; @ 148 c2
Event: 0.685 Thread 0x000001b007dc8800 DEOPT PACKING pc=0x000001b018174b04 sp=0x00000049a5cfbca0
Event: 0.685 Thread 0x000001b007dc8800 DEOPT UNPACKING pc=0x000001b01059a1af sp=0x00000049a5cfbc40 mode 2

Classes redefined (0 events):
No events

Internal exceptions (20 events):
Event: 0.431 Thread 0x000001b007dc8800 Exception <a 'java/lang/ClassNotFoundException'{0x0000000620561f68}: sun/net/www/protocol/c/Handler> (0x0000000620561f68) thrown at [s\src\hotspot\share\classfile\systemDictionary.cpp, line 230]
Event: 0.431 Thread 0x000001b007dc8800 Exception <a 'java/lang/ClassNotFoundException'{0x0000000620565bc0}: sun/net/www/protocol/c/Handler> (0x0000000620565bc0) thrown at [s\src\hotspot\share\classfile\systemDictionary.cpp, line 230]
Event: 0.431 Thread 0x000001b007dc8800 Exception <a 'java/lang/ClassNotFoundException'{0x0000000620569808}: sun/net/www/protocol/c/Handler> (0x0000000620569808) thrown at [s\src\hotspot\share\classfile\systemDictionary.cpp, line 230]
Event: 0.431 Thread 0x000001b007dc8800 Exception <a 'java/lang/ClassNotFoundException'{0x000000062056d390}: sun/net/www/protocol/c/Handler> (0x000000062056d390) thrown at [s\src\hotspot\share\classfile\systemDictionary.cpp, line 230]
Event: 0.431 Thread 0x000001b007dc8800 Exception <a 'java/lang/ClassNotFoundException'{0x0000000620570f38}: sun/net/www/protocol/c/Handler> (0x0000000620570f38) thrown at [s\src\hotspot\share\classfile\systemDictionary.cpp, line 230]
Event: 0.431 Thread 0x000001b007dc8800 Exception <a 'java/lang/ClassNotFoundException'{0x0000000620574e70}: sun/net/www/protocol/c/Handler> (0x0000000620574e70) thrown at [s\src\hotspot\share\classfile\systemDictionary.cpp, line 230]
Event: 0.431 Thread 0x000001b007dc8800 Exception <a 'java/lang/ClassNotFoundException'{0x00000006205789f0}: sun/net/www/protocol/c/Handler> (0x00000006205789f0) thrown at [s\src\hotspot\share\classfile\systemDictionary.cpp, line 230]
Event: 0.431 Thread 0x000001b007dc8800 Exception <a 'java/lang/ClassNotFoundException'{0x000000062057c4d0}: sun/net/www/protocol/c/Handler> (0x000000062057c4d0) thrown at [s\src\hotspot\share\classfile\systemDictionary.cpp, line 230]
Event: 0.432 Thread 0x000001b007dc8800 Exception <a 'java/lang/ClassNotFoundException'{0x0000000620580058}: sun/net/www/protocol/c/Handler> (0x0000000620580058) thrown at [s\src\hotspot\share\classfile\systemDictionary.cpp, line 230]
Event: 0.432 Thread 0x000001b007dc8800 Exception <a 'java/lang/ClassNotFoundException'{0x0000000620583d40}: sun/net/www/protocol/c/Handler> (0x0000000620583d40) thrown at [s\src\hotspot\share\classfile\systemDictionary.cpp, line 230]
Event: 0.432 Thread 0x000001b007dc8800 Exception <a 'java/lang/ClassNotFoundException'{0x0000000620587bd0}: sun/net/www/protocol/c/Handler> (0x0000000620587bd0) thrown at [s\src\hotspot\share\classfile\systemDictionary.cpp, line 230]
Event: 0.432 Thread 0x000001b007dc8800 Exception <a 'java/lang/ClassNotFoundException'{0x000000062058b8c8}: sun/net/www/protocol/c/Handler> (0x000000062058b8c8) thrown at [s\src\hotspot\share\classfile\systemDictionary.cpp, line 230]
Event: 0.432 Thread 0x000001b007dc8800 Exception <a 'java/lang/ClassNotFoundException'{0x000000062058f7b0}: sun/net/www/protocol/c/Handler> (0x000000062058f7b0) thrown at [s\src\hotspot\share\classfile\systemDictionary.cpp, line 230]
Event: 0.432 Thread 0x000001b007dc8800 Exception <a 'java/lang/ClassNotFoundException'{0x00000006205936e0}: sun/net/www/protocol/c/Handler> (0x00000006205936e0) thrown at [s\src\hotspot\share\classfile\systemDictionary.cpp, line 230]
Event: 0.432 Thread 0x000001b007dc8800 Exception <a 'java/lang/ClassNotFoundException'{0x00000006205975d8}: sun/net/www/protocol/c/Handler> (0x00000006205975d8) thrown at [s\src\hotspot\share\classfile\systemDictionary.cpp, line 230]
Event: 0.432 Thread 0x000001b007dc8800 Exception <a 'java/lang/ClassNotFoundException'{0x000000062059b4a0}: sun/net/www/protocol/c/Handler> (0x000000062059b4a0) thrown at [s\src\hotspot\share\classfile\systemDictionary.cpp, line 230]
Event: 0.433 Thread 0x000001b007dc8800 Exception <a 'java/lang/ClassNotFoundException'{0x000000062059f320}: sun/net/www/protocol/c/Handler> (0x000000062059f320) thrown at [s\src\hotspot\share\classfile\systemDictionary.cpp, line 230]
Event: 0.578 Thread 0x000001b007dc8800 Exception <a 'java/lang/NoSuchMethodError'{0x000000061e65be70}: 'org.slf4j.impl.StaticMDCBinder org.slf4j.impl.StaticMDCBinder.getSingleton()'> (0x000000061e65be70) thrown at [s\src\hotspot\share\interpreter\linkResolver.cpp, line 773]
Event: 0.588 Thread 0x000001b007dc8800 Exception <a 'java/lang/NoSuchMethodError'{0x000000061e6bfae8}: 'java.lang.Object java.lang.invoke.DirectMethodHandle$Holder.invokeStatic(java.lang.Object, java.lang.Object, java.lang.Object, int, java.lang.Object)'> (0x000000061e6bfae8) thrown at [s\src\hotspot\share\interpreter\linkResolver.cpp, line 773]
Event: 0.588 Thread 0x000001b007dc8800 Exception <a 'java/lang/NoSuchMethodError'{0x000000061e6c6678}: 'java.lang.Object java.lang.invoke.Invokers$Holder.linkToTargetMethod(java.lang.Object, java.lang.Object, int, java.lang.Object, java.lang.Object)'> (0x000000061e6c6678) thrown at [s\src\hotspot\share\interpreter\linkResolver.cpp, line 773]

Events (20 events):
Event: 0.713 loading class org/graalvm/polyglot/Context$3
Event: 0.713 loading class org/graalvm/polyglot/Context$3 done
Event: 0.713 loading class org/graalvm/polyglot/Context$Builder
Event: 0.713 loading class org/graalvm/polyglot/Context$Builder done
Event: 0.713 loading class org/graalvm/polyglot/HostAccess
Event: 0.713 loading class org/graalvm/polyglot/HostAccess done
Event: 0.713 loading class org/graalvm/polyglot/HostAccess$Builder
Event: 0.713 loading class org/graalvm/polyglot/HostAccess$Builder done
Event: 0.714 loading class org/graalvm/polyglot/HostAccess$Export
Event: 0.714 loading class org/graalvm/polyglot/HostAccess$Export done
Event: 0.714 loading class org/graalvm/polyglot/HostAccess$Implementable
Event: 0.714 loading class org/graalvm/polyglot/HostAccess$Implementable done
Event: 0.714 loading class java/lang/FunctionalInterface
Event: 0.714 loading class java/lang/FunctionalInterface done
Event: 0.714 loading class org/graalvm/polyglot/PolyglotAccess
Event: 0.714 loading class org/graalvm/polyglot/PolyglotAccess done
Event: 0.714 loading class org/graalvm/polyglot/EnvironmentAccess
Event: 0.714 loading class org/graalvm/polyglot/EnvironmentAccess done
Event: 0.714 loading class com/oracle/truffle/polyglot/HostClassCache
Event: 0.714 loading class com/oracle/truffle/polyglot/HostClassCache done


Dynamic libraries:
0x00007ff79a5c0000 - 0x00007ff79a5ce000 	C:\Program Files\Amazon Corretto\jdk11.0.21_9\bin\java.exe
0x00007ff99e5f0000 - 0x00007ff99e807000 	C:\Windows\SYSTEM32\ntdll.dll
0x00007ff99c400000 - 0x00007ff99c4c4000 	C:\Windows\System32\KERNEL32.DLL
0x00007ff99b9f0000 - 0x00007ff99bd96000 	C:\Windows\System32\KERNELBASE.dll
0x00007ff99c220000 - 0x00007ff99c331000 	C:\Windows\System32\ucrtbase.dll
0x00007ff988520000 - 0x00007ff98853b000 	C:\Program Files\Amazon Corretto\jdk11.0.21_9\bin\VCRUNTIME140.dll
0x00007ff988500000 - 0x00007ff988517000 	C:\Program Files\Amazon Corretto\jdk11.0.21_9\bin\jli.dll
0x00007ff99e040000 - 0x00007ff99e1ee000 	C:\Windows\System32\USER32.dll
0x00007ff99be20000 - 0x00007ff99be46000 	C:\Windows\System32\win32u.dll
0x00007ff99e580000 - 0x00007ff99e5a9000 	C:\Windows\System32\GDI32.dll
0x00007ff9800f0000 - 0x00007ff980383000 	C:\Windows\WinSxS\amd64_microsoft.windows.common-controls_6595b64144ccf1df_6.0.22621.2506_none_270c5ae97388e100\COMCTL32.dll
0x00007ff99c030000 - 0x00007ff99c148000 	C:\Windows\System32\gdi32full.dll
0x00007ff99d6a0000 - 0x00007ff99d747000 	C:\Windows\System32\msvcrt.dll
0x00007ff99c150000 - 0x00007ff99c1ea000 	C:\Windows\System32\msvcp_win.dll
0x00007ff99e000000 - 0x00007ff99e031000 	C:\Windows\System32\IMM32.DLL
0x00007ff98adc0000 - 0x00007ff98adcc000 	C:\Program Files\Amazon Corretto\jdk11.0.21_9\bin\vcruntime140_1.dll
0x00007ff9828b0000 - 0x00007ff98293d000 	C:\Program Files\Amazon Corretto\jdk11.0.21_9\bin\msvcp140.dll
0x00007ff947e70000 - 0x00007ff948a33000 	C:\Program Files\Amazon Corretto\jdk11.0.21_9\bin\server\jvm.dll
0x00007ff99cd60000 - 0x00007ff99ce13000 	C:\Windows\System32\ADVAPI32.dll
0x00007ff99ca50000 - 0x00007ff99caf8000 	C:\Windows\System32\sechost.dll
0x00007ff99c1f0000 - 0x00007ff99c218000 	C:\Windows\System32\bcrypt.dll
0x00007ff99c8c0000 - 0x00007ff99c9d7000 	C:\Windows\System32\RPCRT4.dll
0x00007ff99d2b0000 - 0x00007ff99d2b8000 	C:\Windows\System32\PSAPI.DLL
0x00007ff993510000 - 0x00007ff99351a000 	C:\Windows\SYSTEM32\VERSION.dll
0x00007ff994d60000 - 0x00007ff994d94000 	C:\Windows\SYSTEM32\WINMM.dll
0x00007ff996eb0000 - 0x00007ff996eb9000 	C:\Windows\SYSTEM32\WSOCK32.dll
0x00007ff99c4f0000 - 0x00007ff99c561000 	C:\Windows\System32\WS2_32.dll
0x00007ff99a960000 - 0x00007ff99a978000 	C:\Windows\SYSTEM32\kernel.appcore.dll
0x00007ff9892f0000 - 0x00007ff989300000 	C:\Program Files\Amazon Corretto\jdk11.0.21_9\bin\verify.dll
0x00007ff98cf30000 - 0x00007ff98d163000 	C:\Windows\SYSTEM32\DBGHELP.DLL
0x00007ff99e1f0000 - 0x00007ff99e579000 	C:\Windows\System32\combase.dll
0x00007ff99c7e0000 - 0x00007ff99c8b7000 	C:\Windows\System32\OLEAUT32.dll
0x00007ff987c80000 - 0x00007ff987cb2000 	C:\Windows\SYSTEM32\dbgcore.DLL
0x00007ff99bda0000 - 0x00007ff99be1a000 	C:\Windows\System32\bcryptPrimitives.dll
0x00007ff9881e0000 - 0x00007ff988208000 	C:\Program Files\Amazon Corretto\jdk11.0.21_9\bin\java.dll
0x00007ff988da0000 - 0x00007ff988daa000 	C:\Program Files\Amazon Corretto\jdk11.0.21_9\bin\jimage.dll
0x00007ff98aff0000 - 0x00007ff98affe000 	C:\Program Files\Amazon Corretto\jdk11.0.21_9\bin\instrument.dll
0x00007ff9881c0000 - 0x00007ff9881d8000 	C:\Program Files\Amazon Corretto\jdk11.0.21_9\bin\zip.dll
0x00007ff99d7a0000 - 0x00007ff99dffa000 	C:\Windows\System32\SHELL32.dll
0x00007ff999880000 - 0x00007ff99a176000 	C:\Windows\SYSTEM32\windows.storage.dll
0x00007ff999740000 - 0x00007ff99987e000 	C:\Windows\SYSTEM32\wintypes.dll
0x00007ff99c6e0000 - 0x00007ff99c7d3000 	C:\Windows\System32\SHCORE.dll
0x00007ff99c340000 - 0x00007ff99c39e000 	C:\Windows\System32\shlwapi.dll
0x00007ff99b860000 - 0x00007ff99b886000 	C:\Windows\SYSTEM32\profapi.dll
0x00007ff983210000 - 0x00007ff983229000 	C:\Program Files\Amazon Corretto\jdk11.0.21_9\bin\net.dll
0x00007ff9959a0000 - 0x00007ff995ad7000 	C:\Windows\SYSTEM32\WINHTTP.dll
0x00007ff99ade0000 - 0x00007ff99ae49000 	C:\Windows\system32\mswsock.dll
0x00007ff9831f0000 - 0x00007ff983202000 	C:\Program Files\Amazon Corretto\jdk11.0.21_9\bin\nio.dll
0x00007ff989320000 - 0x00007ff98933a000 	C:\Program Files\JetBrains\IntelliJ IDEA Community Edition 2023.3.2\bin\breakgen64.dll
0x00007ff98afe0000 - 0x00007ff98afe9000 	C:\Program Files\Amazon Corretto\jdk11.0.21_9\bin\management.dll
0x00007ff988550000 - 0x00007ff98855b000 	C:\Program Files\Amazon Corretto\jdk11.0.21_9\bin\management_ext.dll

dbghelp: loaded successfully - version: 4.0.5 - missing functions: none
symbol engine: initialized successfully - sym options: 0x614 - pdb path: .;C:\Program Files\Amazon Corretto\jdk11.0.21_9\bin;C:\Windows\SYSTEM32;C:\Windows\WinSxS\amd64_microsoft.windows.common-controls_6595b64144ccf1df_6.0.22621.2506_none_270c5ae97388e100;C:\Program Files\Amazon Corretto\jdk11.0.21_9\bin\server;C:\Program Files\JetBrains\IntelliJ IDEA Community Edition 2023.3.2\bin

VM Arguments:
jvm_args: -Dorg.jetbrains.run.directory=C:\Users\TEK\KarateTestAutomation\src\test\java\insurance\api\tek -javaagent:C:\Program Files\JetBrains\IntelliJ IDEA Community Edition 2023.3.2\lib\idea_rt.jar=52304:C:\Program Files\JetBrains\IntelliJ IDEA Community Edition 2023.3.2\bin -Dfile.encoding=UTF-8 
java_command: cucumber.api.cli.Main --plugin org.jetbrains.plugins.cucumber.java.run.CucumberJvmSMFormatter --monochrome --name ^Generate Token$ --glue com.intuit.karate C:/Users/TEK/KarateTestAutomation/src/test/java/insurance/api/tek/generateToken.feature
java_class_path (initial): C:\Users\TEK\KarateTestAutomation\target\test-classes;C:\Users\TEK\.m2\repository\com\intuit\karate\karate-junit5\1.0.0\karate-junit5-1.0.0.jar;C:\Users\TEK\.m2\repository\com\intuit\karate\karate-core\1.0.0\karate-core-1.0.0.jar;C:\Users\TEK\.m2\repository\org\graalvm\js\js-scriptengine\21.0.0\js-scriptengine-21.0.0.jar;C:\Users\TEK\.m2\repository\org\graalvm\sdk\graal-sdk\21.0.0\graal-sdk-21.0.0.jar;C:\Users\TEK\.m2\repository\org\graalvm\js\js\21.0.0\js-21.0.0.jar;C:\Users\TEK\.m2\repository\org\graalvm\regex\regex\21.0.0\regex-21.0.0.jar;C:\Users\TEK\.m2\repository\org\graalvm\truffle\truffle-api\21.0.0\truffle-api-21.0.0.jar;C:\Users\TEK\.m2\repository\com\ibm\icu\icu4j\67.1\icu4j-67.1.jar;C:\Users\TEK\.m2\repository\ch\qos\logback\logback-classic\1.2.3\logback-classic-1.2.3.jar;C:\Users\TEK\.m2\repository\ch\qos\logback\logback-core\1.2.3\logback-core-1.2.3.jar;C:\Users\TEK\.m2\repository\org\slf4j\slf4j-api\1.7.25\slf4j-api-1.7.25.jar;C:\Users\TEK\.m2\repository\org\slf4j\jcl-over-slf4j\1.7.25\jcl-over-slf4j-1.7.25.jar;C:\Users\TEK\.m2\repository\com\jayway\jsonpath\json-path\2.5.0\json-path-2.5.0.jar;C:\Users\TEK\.m2\repository\net\minidev\json-smart\2.3\json-smart-2.3.jar;C:\Users\TEK\.m2\repository\net\minidev\accessors-smart\1.2\accessors-smart-1.2.jar;C:\Users\TEK\.m2\repository\org\ow2\asm\asm\5.0.4\asm-5.0.4.jar;C:\Users\TEK\.m2\repository\info\cukes\cucumber-java\1.2.5\cucumber-java-1.2.5.jar;C:\Users\TEK\.m2\repository\info\cukes\cucumber-core\1.2.5\cucumber-core-1.2.5.jar;C:\Users\TEK\.m2\repository\org\yaml\snakeyaml\1.27\snakeyaml-1.27.jar;C:\Users\TEK\.m2\repository\de\siegmar\fastcsv\1.0.4\fastcsv-1.0.4.jar;C:\Users\TEK\.m2\repository\info\picocli\picocli\4.5.2\picocli-4.5.2.jar;C:\Users\TEK\.m2\repository\org\junit\jupiter\junit-jupiter-api\5.7.0\junit-jupiter-api-5.7.0.jar;C:\Users\TEK\.m2\repository\org\apiguardian\apiguardian-api\1.1.0\apiguardian-api-1.1.0.jar;C:\Users\TEK\.m2\repository\org\opentest4j\opentest4
Launcher Type: SUN_STANDARD

[Global flags]
     intx CICompilerCount                          = 12                                        {product} {ergonomic}
     uint ConcGCThreads                            = 3                                         {product} {ergonomic}
     uint G1ConcRefinementThreads                  = 13                                        {product} {ergonomic}
   size_t G1HeapRegionSize                         = 2097152                                   {product} {ergonomic}
    uintx GCDrainStackTargetSize                   = 64                                        {product} {ergonomic}
   size_t InitialHeapSize                          = 536870912                                 {product} {ergonomic}
   size_t MarkStackSize                            = 4194304                                   {product} {ergonomic}
   size_t MaxHeapSize                              = 8560574464                                {product} {ergonomic}
   size_t MaxNewSize                               = 5135925248                                {product} {ergonomic}
   size_t MinHeapDeltaBytes                        = 2097152                                   {product} {ergonomic}
    uintx NonNMethodCodeHeapSize                   = 7594288                                {pd product} {ergonomic}
    uintx NonProfiledCodeHeapSize                  = 122031976                              {pd product} {ergonomic}
    uintx ProfiledCodeHeapSize                     = 122031976                              {pd product} {ergonomic}
    uintx ReservedCodeCacheSize                    = 251658240                              {pd product} {ergonomic}
     bool SegmentedCodeCache                       = true                                      {product} {ergonomic}
     bool UseCompressedClassPointers               = true                                 {lp64_product} {ergonomic}
     bool UseCompressedOops                        = true                                 {lp64_product} {ergonomic}
     bool UseG1GC                                  = true                                      {product} {ergonomic}
     bool UseLargePagesIndividualAllocation        = false                                  {pd product} {ergonomic}

Logging:
Log output configuration:
 #0: stdout all=warning uptime,level,tags
 #1: stderr all=off uptime,level,tags

Environment Variables:
JAVA_HOME=C:\Program Files\Amazon Corretto\jdk11.0.21_9
PATH=C:\Program Files\Amazon Corretto\jdk11.0.21_9\bin;C:\Windows\system32;C:\Windows;C:\Windows\System32\Wbem;C:\Windows\System32\WindowsPowerShell\v1.0\;C:\Windows\System32\OpenSSH\;C:\Users\TEK\AppData\Local\Microsoft\WindowsApps;;C:\Program Files\JetBrains\IntelliJ IDEA Community Edition 2023.3.2\bin;
USERNAME=TEK
OS=Windows_NT
PROCESSOR_IDENTIFIER=AMD64 Family 25 Model 33 Stepping 2, AuthenticAMD
TMP=C:\Users\TEK\AppData\Local\Temp
TEMP=C:\Users\TEK\AppData\Local\Temp



---------------  S Y S T E M  ---------------

OS: Windows 11 , 64 bit Build 22621 (10.0.22621.2506)
OS uptime: 0 days 4:13 hours

CPU:total 16 (initial active 16) (16 cores per cpu, 2 threads per core) family 25 model 33 stepping 2 microcode 0x0, cmov, cx8, fxsr, mmx, sse, sse2, sse3, ssse3, sse4.1, sse4.2, popcnt, avx, avx2, aes, clmul, erms, mmxext, 3dnowpref, lzcnt, sse4a, ht, tsc, tscinvbit, tscinv, bmi1, bmi2, adx, sha, fma

Memory: 4k page, system-wide physical 32654M (22473M free)
TotalPageFile size 37518M (AvailPageFile size 21678M)
current process WorkingSet (physical memory assigned to process): 160M, peak: 160M
current process commit charge ("private bytes"): 655M, peak: 655M

vm_info: OpenJDK 64-Bit Server VM (11.0.21+9-LTS) for windows-amd64 JRE (11.0.21+9-LTS), built on Oct  9 2023 18:37:11 by "Administrator" with MS VC++ 16.10 / 16.11 (VS2019)

END.
