#
# A fatal error has been detected by the Java Runtime Environment:
#
#  EXCEPTION_ACCESS_VIOLATION (0xc0000005) at pc=0x00007ff99e69bf81, pid=15540, tid=5980
#
# JRE version: OpenJDK Runtime Environment Corretto-11.0.21.9.1 (11.0.21+9) (build 11.0.21+9-LTS)
# Java VM: OpenJDK 64-Bit Server VM Corretto-11.0.21.9.1 (11.0.21+9-LTS, mixed mode, tiered, compressed oops, g1 gc, windows-amd64)
# Problematic frame:
# C  [ntdll.dll+0xabf81]
#
# No core dump will be written. Minidumps are not enabled by default on client versions of Windows
#
# If you would like to submit a bug report, please visit:
#   https://github.com/corretto/corretto-11/issues/
#

---------------  S U M M A R Y ------------

Command Line: -Dorg.jetbrains.run.directory=C:\Users\TEK\KarateTestAutomation\src\test\java\insurance\api\tek -javaagent:C:\Program Files\JetBrains\IntelliJ IDEA Community Edition 2023.3.2\lib\idea_rt.jar=51227:C:\Program Files\JetBrains\IntelliJ IDEA Community Edition 2023.3.2\bin -Dfile.encoding=UTF-8 cucumber.api.cli.Main --plugin org.jetbrains.plugins.cucumber.java.run.CucumberJvmSMFormatter --monochrome --name ^Post an Account \- Primary Person$ --glue com.intuit.karate C:/Users/TEK/KarateTestAutomation/src/test/java/insurance/api/tek/PostAccount.feature

Host: AMD Ryzen 7 5800X 8-Core Processor             , 16 cores, 31G,  Windows 11 , 64 bit Build 22621 (10.0.22621.2506)
Time: Mon Jan 22 22:48:59 2024 Eastern Standard Time elapsed time: 0.139211 seconds (0d 0h 0m 0s)

---------------  T H R E A D  ---------------

Current thread (0x000001da7f4c2000):  GCTaskThread "GC Thread#0" [stack: 0x000000596db00000,0x000000596dc00000] [id=5980]

Stack: [0x000000596db00000,0x000000596dc00000],  sp=0x000000596dbff330,  free space=1020k
Native frames: (J=compiled Java code, j=interpreted, Vv=VM code, C=native code)
C  [ntdll.dll+0xabf81]
C  [ntdll.dll+0x3ab11]
C  [ucrtbase.dll+0x137eb]
V  [jvm.dll+0x3760c9]
V  [jvm.dll+0x6af989]
V  [jvm.dll+0x809bc0]
V  [jvm.dll+0x7942f4]
V  [jvm.dll+0x644d25]
C  [ucrtbase.dll+0x29363]
C  [KERNEL32.DLL+0x1257d]
C  [ntdll.dll+0x5aa58]


siginfo: EXCEPTION_ACCESS_VIOLATION (0xc0000005), reading address 0xffffffffffffffff


Register to memory mapping:

RIP=0x00007ff99e69bf81 ntdll.dll
RAX=0x000001da2f505360 points into unknown readable memory: 0x75731f6c00010013 | 13 00 01 00 6c 1f 73 75
RBX=0x75731f6c00010013 is an unknown value
RCX=0x0000000000002960 is an unknown value
RDX=0x000001da2f507cd0 points into unknown readable memory: 0x000001da2eafb210 | 10 b2 af 2e da 01 00 00
RSP=0x000000596dbff330 points into unknown readable memory: 0x000001da0a2635b0 | b0 35 26 0a da 01 00 00
RBP=0x000001da2f507cc0 points into unknown readable memory: 0x0102000000dd002a | 2a 00 dd 00 00 00 02 01
RSI=0x000001da2f507cd0 points into unknown readable memory: 0x000001da2eafb210 | 10 b2 af 2e da 01 00 00
RDI=0x0 is NULL
R8 =0x00000000f8bee8d2 is an unknown value
R9 =0x0 is NULL
R10=0x0000000000000003 is an unknown value
R11=0x000000596dbff3c0 points into unknown readable memory: 0x00007ff91c5081a0 | a0 81 50 1c f9 7f 00 00
R12=0x0 is NULL
R13=0x000001da7e6c0000 points into unknown readable memory: 0x0000000000000000 | 00 00 00 00 00 00 00 00
R14=0x000000596e0ff2c0 points into unknown readable memory: 0x00007ff91c508160 | 60 81 50 1c f9 7f 00 00
R15=0x0 is NULL


Registers:
RAX=0x000001da2f505360, RBX=0x75731f6c00010013, RCX=0x0000000000002960, RDX=0x000001da2f507cd0
RSP=0x000000596dbff330, RBP=0x000001da2f507cc0, RSI=0x000001da2f507cd0, RDI=0x0000000000000000
R8 =0x00000000f8bee8d2, R9 =0x0000000000000000, R10=0x0000000000000003, R11=0x000000596dbff3c0
R12=0x0000000000000000, R13=0x000001da7e6c0000, R14=0x000000596e0ff2c0, R15=0x0000000000000000
RIP=0x00007ff99e69bf81, EFLAGS=0x0000000000010202

Top of Stack: (sp=0x000000596dbff330)
0x000000596dbff330:   000001da0a2635b0 000001da0a263310
0x000000596dbff340:   0000000000000000 000001da7f4b4cf0
0x000000596dbff350:   000001da11685f20 00007ff91c1efab4
0x000000596dbff360:   000001da2f507ccf 00007ff9000000d0
0x000000596dbff370:   0000000000000000 75731f6c00010013
0x000000596dbff380:   000001da2f504f60 000001da0a2642f8
0x000000596dbff390:   000001da7f4b4cd0 00007ff91be06c5d
0x000000596dbff3a0:   0000000000000000 000001da11685f20
0x000000596dbff3b0:   000000080002ad38 00007ff91c368c34
0x000000596dbff3c0:   00007ff91c5081a0 000000596e0ff2c0
0x000000596dbff3d0:   0000000000000000 00007ff91c27d840
0x000000596dbff3e0:   000001da2f507cd0 00007ff99e62ab11
0x000000596dbff3f0:   000001da2f507cc0 000001da7e6c0000
0x000000596dbff400:   000000596dbff590 0000000000000000
0x000000596dbff410:   0000000000000000 000001da09b181c0
0x000000596dbff420:   00000000000075a3 00007ff99c2337eb 

Instructions: (pc=0x00007ff99e69bf81)
0x00007ff99e69be81:   c2 48 03 c8 eb 07 0f b7 ca 48 c1 e1 04 48 8d 04
0x00007ff99e69be91:   29 48 3b c6 73 57 41 ba 03 00 00 00 48 8b cf 48
0x00007ff99e69bea1:   8b c7 48 89 4c 24 28 4c 8b ce 41 8b ca 48 89 44
0x00007ff99e69beb1:   24 20 4c 8b c5 49 8b d5 e8 e2 5b 07 00 65 48 8b
0x00007ff99e69bec1:   04 25 30 00 00 00 b9 0d 00 00 c0 c7 80 50 12 00
0x00007ff99e69bed1:   00 0d 00 00 c0 65 48 8b 1c 25 30 00 00 00 e8 5c
0x00007ff99e69bee1:   72 fa ff 89 43 68 8b df e9 c3 fb f8 ff 41 f7 c7
0x00007ff99e69bef1:   02 01 00 3c 0f 85 2c ff f8 ff 80 7e ff 05 48 8d
0x00007ff99e69bf01:   4e f0 75 11 0f b6 41 0e 48 c1 e0 04 48 2b c8 48
0x00007ff99e69bf11:   83 c1 10 eb 03 48 8b cf 48 89 4c 24 20 45 8b ca
0x00007ff99e69bf21:   8b 4e f8 4c 8b c6 49 8b d5 48 89 5c 24 30 e8 ea
0x00007ff99e69bf31:   2d 00 00 85 c0 78 86 41 ba 03 00 00 00 e9 e4 fe
0x00007ff99e69bf41:   f8 ff 44 8b 05 be b3 0d 00 48 8b cd 48 c1 e9 04
0x00007ff99e69bf51:   33 4d 08 41 33 cd 41 33 c8 66 85 c9 0f 85 da 04
0x00007ff99e69bf61:   00 00 48 c1 e9 0c 48 8b c5 48 2b c1 48 8b 18 48
0x00007ff99e69bf71:   89 5c 24 48 48 85 db 0f 84 bf 04 00 00 0f 0d 0b
0x00007ff99e69bf81:   4c 8b 4b 08 8b 45 0c c1 e8 08 0f b7 d0 48 8b 03
0x00007ff99e69bf91:   4c 89 4c 24 50 89 54 24 38 48 8b 08 4c 8b 71 18
0x00007ff99e69bfa1:   41 8b c6 41 33 41 18 41 33 c0 41 33 c1 8b c8 c1
0x00007ff99e69bfb1:   e8 10 0f af c2 0f b7 c9 49 03 c1 48 03 c8 48 3b
0x00007ff99e69bfc1:   cd 74 09 49 8b 56 18 e9 73 04 00 00 e8 de eb f8
0x00007ff99e69bfd1:   ff 85 c0 74 19 65 48 8b 04 25 60 00 00 00 48 8b
0x00007ff99e69bfe1:   88 90 00 00 00 48 81 c1 26 02 00 00 eb 05 b9 80
0x00007ff99e69bff1:   03 fe 7f 40 38 39 74 2d 65 48 8b 04 25 60 00 00
0x00007ff99e69c001:   00 f6 80 78 03 00 00 01 74 1b 49 8b 4e 18 48 8d
0x00007ff99e69c011:   55 10 41 b8 02 00 00 00 e8 42 b8 06 00 48 8b ac
0x00007ff99e69c021:   24 c0 00 00 00 66 83 3c 25 6a 03 fe 7f 01 44 8b
0x00007ff99e69c031:   cf b8 64 00 00 00 44 8b c7 44 0f 47 c8 eb 05 48
0x00007ff99e69c041:   8b 5c 24 48 8b 5b 20 49 c7 c6 ff ff ff ff 48 8b
0x00007ff99e69c051:   54 24 48 8b c3 c1 e8 10 66 0f ba e0 0f 72 11 8b
0x00007ff99e69c061:   cb 8b c3 81 c9 00 00 00 80 f0 0f b1 4a 20 74 0b
0x00007ff99e69c071:   41 ff c0 45 3b c1 76 c7 41 8b de 48 8b 44 24 30 


Stack slot to memory mapping:
stack at sp + 0 slots: 0x000001da0a2635b0 is at entry_point+-16 in (nmethod*)0x000001da0a263310
stack at sp + 1 slots: 0x000001da0a263310 is at entry_point+-688 in (nmethod*)0x000001da0a263310
stack at sp + 2 slots: 0x0 is NULL
stack at sp + 3 slots: 0x000001da7f4b4cf0 points into unknown readable memory: 0x437265776f4c6f74 | 74 6f 4c 6f 77 65 72 43
stack at sp + 4 slots: 0x000001da11685f20 is at entry_point+0 in (nmethod*)0x000001da11685d90
stack at sp + 5 slots: 0x00007ff91c1efab4 jvm.dll
stack at sp + 6 slots: 0x000001da2f507ccf points into unknown readable memory: 90
stack at sp + 7 slots: 0x00007ff9000000d0 is an unknown value


---------------  P R O C E S S  ---------------

Threads class SMR info:
_java_thread_list=0x000001da2f6e7f20, length=15, elements={
0x000001da7f4a7000, 0x000001da2f33f000, 0x000001da2f341800, 0x000001da2f38b800,
0x000001da2f38c800, 0x000001da2f390000, 0x000001da2f395000, 0x000001da2f3a1000,
0x000001da2f3a4000, 0x000001da2f509000, 0x000001da2f50b800, 0x000001da2f510800,
0x000001da2f51a800, 0x000001da2f52c000, 0x000001da2f8a2000
}

Java Threads: ( => current thread )
  0x000001da7f4a7000 JavaThread "main" [_thread_blocked, id=11768, stack(0x000000596da00000,0x000000596db00000)]
  0x000001da2f33f000 JavaThread "Reference Handler" daemon [_thread_blocked, id=7160, stack(0x000000596e100000,0x000000596e200000)]
  0x000001da2f341800 JavaThread "Finalizer" daemon [_thread_blocked, id=16376, stack(0x000000596e200000,0x000000596e300000)]
  0x000001da2f38b800 JavaThread "Signal Dispatcher" daemon [_thread_blocked, id=20124, stack(0x000000596e300000,0x000000596e400000)]
  0x000001da2f38c800 JavaThread "Attach Listener" daemon [_thread_blocked, id=15952, stack(0x000000596e400000,0x000000596e500000)]
  0x000001da2f390000 JavaThread "Service Thread" daemon [_thread_blocked, id=12420, stack(0x000000596e500000,0x000000596e600000)]
  0x000001da2f395000 JavaThread "C2 CompilerThread0" daemon [_thread_blocked, id=14276, stack(0x000000596e600000,0x000000596e700000)]
  0x000001da2f3a1000 JavaThread "C1 CompilerThread0" daemon [_thread_blocked, id=3016, stack(0x000000596e700000,0x000000596e800000)]
  0x000001da2f3a4000 JavaThread "Sweeper thread" daemon [_thread_blocked, id=18240, stack(0x000000596e800000,0x000000596e900000)]
  0x000001da2f509000 JavaThread "Common-Cleaner" daemon [_thread_blocked, id=6620, stack(0x000000596e900000,0x000000596ea00000)]
  0x000001da2f50b800 JavaThread "C1 CompilerThread1" daemon [_thread_blocked, id=11644, stack(0x000000596ea00000,0x000000596eb00000)]
  0x000001da2f510800 JavaThread "C1 CompilerThread2" daemon [_thread_blocked, id=14224, stack(0x000000596eb00000,0x000000596ec00000)]
  0x000001da2f51a800 JavaThread "C2 CompilerThread1" daemon [_thread_blocked, id=15328, stack(0x000000596ec00000,0x000000596ed00000)]
  0x000001da2f52c000 JavaThread "C2 CompilerThread2" daemon [_thread_blocked, id=14640, stack(0x000000596ed00000,0x000000596ee00000)]
  0x000001da2f8a2000 JavaThread "Monitor Ctrl-Break" daemon [_thread_blocked, id=14788, stack(0x000000596ee00000,0x000000596ef00000)]

Other Threads:
  0x000001da2f32e800 VMThread "VM Thread" [stack: 0x000000596e000000,0x000000596e100000] [id=11056]
=>0x000001da7f4c2000 GCTaskThread "GC Thread#0" [stack: 0x000000596db00000,0x000000596dc00000] [id=5980]
  0x000001da7f543000 ConcurrentGCThread "G1 Main Marker" [stack: 0x000000596dc00000,0x000000596dd00000] [id=8868]
  0x000001da7f544800 ConcurrentGCThread "G1 Conc#0" [stack: 0x000000596dd00000,0x000000596de00000] [id=2144]
  0x000001da2e527000 ConcurrentGCThread "G1 Refine#0" [stack: 0x000000596de00000,0x000000596df00000] [id=11188]
  0x000001da2e528000 ConcurrentGCThread "G1 Young RemSet Sampling" [stack: 0x000000596df00000,0x000000596e000000] [id=8264]

Threads with active compile tasks:

VM state:at safepoint (normal execution)

VM Mutex/Monitor currently owned by a thread:  ([mutex/lock_event])
[0x000001da7f4a2140] Safepoint_lock - owner thread: 0x000001da2f32e800
[0x000001da7f4a2ad0] Threads_lock - owner thread: 0x000001da2f32e800

Heap address: 0x0000000601c00000, size: 8164 MB, Compressed Oops mode: Zero based, Oop shift amount: 3
Narrow klass base: 0x0000000800000000, Narrow klass shift: 0
Compressed class space size: 1073741824 Address: 0x0000000800000000

Heap:
 garbage-first heap   total 524288K, used 4096K [0x0000000601c00000, 0x0000000800000000)
  region size 2048K, 3 young (6144K), 0 survivors (0K)
 Metaspace       used 6067K, capacity 6213K, committed 6528K, reserved 1056768K
  class space    used 510K, capacity 536K, committed 640K, reserved 1048576K
Heap Regions: E=young(eden), S=young(survivor), O=old, HS=humongous(starts), HC=humongous(continues), CS=collection set, F=free, A=archive, TAMS=top-at-mark-start (previous, next)
|   0|0x0000000601c00000, 0x0000000601e00000, 0x0000000601e00000|100%|HS|  |TAMS 0x0000000601c00000, 0x0000000601c00000| Complete 
|   1|0x0000000601e00000, 0x0000000601e00000, 0x0000000602000000|  0%| F|  |TAMS 0x0000000601e00000, 0x0000000601e00000| Untracked 
|   2|0x0000000602000000, 0x0000000602000000, 0x0000000602200000|  0%| F|  |TAMS 0x0000000602000000, 0x0000000602000000| Untracked 
|   3|0x0000000602200000, 0x0000000602200000, 0x0000000602400000|  0%| F|  |TAMS 0x0000000602200000, 0x0000000602200000| Untracked 
|   4|0x0000000602400000, 0x0000000602400000, 0x0000000602600000|  0%| F|  |TAMS 0x0000000602400000, 0x0000000602400000| Untracked 
|   5|0x0000000602600000, 0x0000000602600000, 0x0000000602800000|  0%| F|  |TAMS 0x0000000602600000, 0x0000000602600000| Untracked 
|   6|0x0000000602800000, 0x0000000602800000, 0x0000000602a00000|  0%| F|  |TAMS 0x0000000602800000, 0x0000000602800000| Untracked 
|   7|0x0000000602a00000, 0x0000000602a00000, 0x0000000602c00000|  0%| F|  |TAMS 0x0000000602a00000, 0x0000000602a00000| Untracked 
|   8|0x0000000602c00000, 0x0000000602c00000, 0x0000000602e00000|  0%| F|  |TAMS 0x0000000602c00000, 0x0000000602c00000| Untracked 
|   9|0x0000000602e00000, 0x0000000602e00000, 0x0000000603000000|  0%| F|  |TAMS 0x0000000602e00000, 0x0000000602e00000| Untracked 
|  10|0x0000000603000000, 0x0000000603000000, 0x0000000603200000|  0%| F|  |TAMS 0x0000000603000000, 0x0000000603000000| Untracked 
|  11|0x0000000603200000, 0x0000000603200000, 0x0000000603400000|  0%| F|  |TAMS 0x0000000603200000, 0x0000000603200000| Untracked 
|  12|0x0000000603400000, 0x0000000603400000, 0x0000000603600000|  0%| F|  |TAMS 0x0000000603400000, 0x0000000603400000| Untracked 
|  13|0x0000000603600000, 0x0000000603600000, 0x0000000603800000|  0%| F|  |TAMS 0x0000000603600000, 0x0000000603600000| Untracked 
|  14|0x0000000603800000, 0x0000000603800000, 0x0000000603a00000|  0%| F|  |TAMS 0x0000000603800000, 0x0000000603800000| Untracked 
|  15|0x0000000603a00000, 0x0000000603a00000, 0x0000000603c00000|  0%| F|  |TAMS 0x0000000603a00000, 0x0000000603a00000| Untracked 
|  16|0x0000000603c00000, 0x0000000603c00000, 0x0000000603e00000|  0%| F|  |TAMS 0x0000000603c00000, 0x0000000603c00000| Untracked 
|  17|0x0000000603e00000, 0x0000000603e00000, 0x0000000604000000|  0%| F|  |TAMS 0x0000000603e00000, 0x0000000603e00000| Untracked 
|  18|0x0000000604000000, 0x0000000604000000, 0x0000000604200000|  0%| F|  |TAMS 0x0000000604000000, 0x0000000604000000| Untracked 
|  19|0x0000000604200000, 0x0000000604200000, 0x0000000604400000|  0%| F|  |TAMS 0x0000000604200000, 0x0000000604200000| Untracked 
|  20|0x0000000604400000, 0x0000000604400000, 0x0000000604600000|  0%| F|  |TAMS 0x0000000604400000, 0x0000000604400000| Untracked 
|  21|0x0000000604600000, 0x0000000604600000, 0x0000000604800000|  0%| F|  |TAMS 0x0000000604600000, 0x0000000604600000| Untracked 
|  22|0x0000000604800000, 0x0000000604800000, 0x0000000604a00000|  0%| F|  |TAMS 0x0000000604800000, 0x0000000604800000| Untracked 
|  23|0x0000000604a00000, 0x0000000604a00000, 0x0000000604c00000|  0%| F|  |TAMS 0x0000000604a00000, 0x0000000604a00000| Untracked 
|  24|0x0000000604c00000, 0x0000000604c00000, 0x0000000604e00000|  0%| F|  |TAMS 0x0000000604c00000, 0x0000000604c00000| Untracked 
|  25|0x0000000604e00000, 0x0000000604e00000, 0x0000000605000000|  0%| F|  |TAMS 0x0000000604e00000, 0x0000000604e00000| Untracked 
|  26|0x0000000605000000, 0x0000000605000000, 0x0000000605200000|  0%| F|  |TAMS 0x0000000605000000, 0x0000000605000000| Untracked 
|  27|0x0000000605200000, 0x0000000605200000, 0x0000000605400000|  0%| F|  |TAMS 0x0000000605200000, 0x0000000605200000| Untracked 
|  28|0x0000000605400000, 0x0000000605400000, 0x0000000605600000|  0%| F|  |TAMS 0x0000000605400000, 0x0000000605400000| Untracked 
|  29|0x0000000605600000, 0x0000000605600000, 0x0000000605800000|  0%| F|  |TAMS 0x0000000605600000, 0x0000000605600000| Untracked 
|  30|0x0000000605800000, 0x0000000605800000, 0x0000000605a00000|  0%| F|  |TAMS 0x0000000605800000, 0x0000000605800000| Untracked 
|  31|0x0000000605a00000, 0x0000000605a00000, 0x0000000605c00000|  0%| F|  |TAMS 0x0000000605a00000, 0x0000000605a00000| Untracked 
|  32|0x0000000605c00000, 0x0000000605c00000, 0x0000000605e00000|  0%| F|  |TAMS 0x0000000605c00000, 0x0000000605c00000| Untracked 
|  33|0x0000000605e00000, 0x0000000605e00000, 0x0000000606000000|  0%| F|  |TAMS 0x0000000605e00000, 0x0000000605e00000| Untracked 
|  34|0x0000000606000000, 0x0000000606000000, 0x0000000606200000|  0%| F|  |TAMS 0x0000000606000000, 0x0000000606000000| Untracked 
|  35|0x0000000606200000, 0x0000000606200000, 0x0000000606400000|  0%| F|  |TAMS 0x0000000606200000, 0x0000000606200000| Untracked 
|  36|0x0000000606400000, 0x0000000606400000, 0x0000000606600000|  0%| F|  |TAMS 0x0000000606400000, 0x0000000606400000| Untracked 
|  37|0x0000000606600000, 0x0000000606600000, 0x0000000606800000|  0%| F|  |TAMS 0x0000000606600000, 0x0000000606600000| Untracked 
|  38|0x0000000606800000, 0x0000000606800000, 0x0000000606a00000|  0%| F|  |TAMS 0x0000000606800000, 0x0000000606800000| Untracked 
|  39|0x0000000606a00000, 0x0000000606a00000, 0x0000000606c00000|  0%| F|  |TAMS 0x0000000606a00000, 0x0000000606a00000| Untracked 
|  40|0x0000000606c00000, 0x0000000606c00000, 0x0000000606e00000|  0%| F|  |TAMS 0x0000000606c00000, 0x0000000606c00000| Untracked 
|  41|0x0000000606e00000, 0x0000000606e00000, 0x0000000607000000|  0%| F|  |TAMS 0x0000000606e00000, 0x0000000606e00000| Untracked 
|  42|0x0000000607000000, 0x0000000607000000, 0x0000000607200000|  0%| F|  |TAMS 0x0000000607000000, 0x0000000607000000| Untracked 
|  43|0x0000000607200000, 0x0000000607200000, 0x0000000607400000|  0%| F|  |TAMS 0x0000000607200000, 0x0000000607200000| Untracked 
|  44|0x0000000607400000, 0x0000000607400000, 0x0000000607600000|  0%| F|  |TAMS 0x0000000607400000, 0x0000000607400000| Untracked 
|  45|0x0000000607600000, 0x0000000607600000, 0x0000000607800000|  0%| F|  |TAMS 0x0000000607600000, 0x0000000607600000| Untracked 
|  46|0x0000000607800000, 0x0000000607800000, 0x0000000607a00000|  0%| F|  |TAMS 0x0000000607800000, 0x0000000607800000| Untracked 
|  47|0x0000000607a00000, 0x0000000607a00000, 0x0000000607c00000|  0%| F|  |TAMS 0x0000000607a00000, 0x0000000607a00000| Untracked 
|  48|0x0000000607c00000, 0x0000000607c00000, 0x0000000607e00000|  0%| F|  |TAMS 0x0000000607c00000, 0x0000000607c00000| Untracked 
|  49|0x0000000607e00000, 0x0000000607e00000, 0x0000000608000000|  0%| F|  |TAMS 0x0000000607e00000, 0x0000000607e00000| Untracked 
|  50|0x0000000608000000, 0x0000000608000000, 0x0000000608200000|  0%| F|  |TAMS 0x0000000608000000, 0x0000000608000000| Untracked 
|  51|0x0000000608200000, 0x0000000608200000, 0x0000000608400000|  0%| F|  |TAMS 0x0000000608200000, 0x0000000608200000| Untracked 
|  52|0x0000000608400000, 0x0000000608400000, 0x0000000608600000|  0%| F|  |TAMS 0x0000000608400000, 0x0000000608400000| Untracked 
|  53|0x0000000608600000, 0x0000000608600000, 0x0000000608800000|  0%| F|  |TAMS 0x0000000608600000, 0x0000000608600000| Untracked 
|  54|0x0000000608800000, 0x0000000608800000, 0x0000000608a00000|  0%| F|  |TAMS 0x0000000608800000, 0x0000000608800000| Untracked 
|  55|0x0000000608a00000, 0x0000000608a00000, 0x0000000608c00000|  0%| F|  |TAMS 0x0000000608a00000, 0x0000000608a00000| Untracked 
|  56|0x0000000608c00000, 0x0000000608c00000, 0x0000000608e00000|  0%| F|  |TAMS 0x0000000608c00000, 0x0000000608c00000| Untracked 
|  57|0x0000000608e00000, 0x0000000608e00000, 0x0000000609000000|  0%| F|  |TAMS 0x0000000608e00000, 0x0000000608e00000| Untracked 
|  58|0x0000000609000000, 0x0000000609000000, 0x0000000609200000|  0%| F|  |TAMS 0x0000000609000000, 0x0000000609000000| Untracked 
|  59|0x0000000609200000, 0x0000000609200000, 0x0000000609400000|  0%| F|  |TAMS 0x0000000609200000, 0x0000000609200000| Untracked 
|  60|0x0000000609400000, 0x0000000609400000, 0x0000000609600000|  0%| F|  |TAMS 0x0000000609400000, 0x0000000609400000| Untracked 
|  61|0x0000000609600000, 0x0000000609600000, 0x0000000609800000|  0%| F|  |TAMS 0x0000000609600000, 0x0000000609600000| Untracked 
|  62|0x0000000609800000, 0x0000000609800000, 0x0000000609a00000|  0%| F|  |TAMS 0x0000000609800000, 0x0000000609800000| Untracked 
|  63|0x0000000609a00000, 0x0000000609a00000, 0x0000000609c00000|  0%| F|  |TAMS 0x0000000609a00000, 0x0000000609a00000| Untracked 
|  64|0x0000000609c00000, 0x0000000609c00000, 0x0000000609e00000|  0%| F|  |TAMS 0x0000000609c00000, 0x0000000609c00000| Untracked 
|  65|0x0000000609e00000, 0x0000000609e00000, 0x000000060a000000|  0%| F|  |TAMS 0x0000000609e00000, 0x0000000609e00000| Untracked 
|  66|0x000000060a000000, 0x000000060a000000, 0x000000060a200000|  0%| F|  |TAMS 0x000000060a000000, 0x000000060a000000| Untracked 
|  67|0x000000060a200000, 0x000000060a200000, 0x000000060a400000|  0%| F|  |TAMS 0x000000060a200000, 0x000000060a200000| Untracked 
|  68|0x000000060a400000, 0x000000060a400000, 0x000000060a600000|  0%| F|  |TAMS 0x000000060a400000, 0x000000060a400000| Untracked 
|  69|0x000000060a600000, 0x000000060a600000, 0x000000060a800000|  0%| F|  |TAMS 0x000000060a600000, 0x000000060a600000| Untracked 
|  70|0x000000060a800000, 0x000000060a800000, 0x000000060aa00000|  0%| F|  |TAMS 0x000000060a800000, 0x000000060a800000| Untracked 
|  71|0x000000060aa00000, 0x000000060aa00000, 0x000000060ac00000|  0%| F|  |TAMS 0x000000060aa00000, 0x000000060aa00000| Untracked 
|  72|0x000000060ac00000, 0x000000060ac00000, 0x000000060ae00000|  0%| F|  |TAMS 0x000000060ac00000, 0x000000060ac00000| Untracked 
|  73|0x000000060ae00000, 0x000000060ae00000, 0x000000060b000000|  0%| F|  |TAMS 0x000000060ae00000, 0x000000060ae00000| Untracked 
|  74|0x000000060b000000, 0x000000060b000000, 0x000000060b200000|  0%| F|  |TAMS 0x000000060b000000, 0x000000060b000000| Untracked 
|  75|0x000000060b200000, 0x000000060b200000, 0x000000060b400000|  0%| F|  |TAMS 0x000000060b200000, 0x000000060b200000| Untracked 
|  76|0x000000060b400000, 0x000000060b400000, 0x000000060b600000|  0%| F|  |TAMS 0x000000060b400000, 0x000000060b400000| Untracked 
|  77|0x000000060b600000, 0x000000060b600000, 0x000000060b800000|  0%| F|  |TAMS 0x000000060b600000, 0x000000060b600000| Untracked 
|  78|0x000000060b800000, 0x000000060b800000, 0x000000060ba00000|  0%| F|  |TAMS 0x000000060b800000, 0x000000060b800000| Untracked 
|  79|0x000000060ba00000, 0x000000060ba00000, 0x000000060bc00000|  0%| F|  |TAMS 0x000000060ba00000, 0x000000060ba00000| Untracked 
|  80|0x000000060bc00000, 0x000000060bc00000, 0x000000060be00000|  0%| F|  |TAMS 0x000000060bc00000, 0x000000060bc00000| Untracked 
|  81|0x000000060be00000, 0x000000060be00000, 0x000000060c000000|  0%| F|  |TAMS 0x000000060be00000, 0x000000060be00000| Untracked 
|  82|0x000000060c000000, 0x000000060c000000, 0x000000060c200000|  0%| F|  |TAMS 0x000000060c000000, 0x000000060c000000| Untracked 
|  83|0x000000060c200000, 0x000000060c200000, 0x000000060c400000|  0%| F|  |TAMS 0x000000060c200000, 0x000000060c200000| Untracked 
|  84|0x000000060c400000, 0x000000060c400000, 0x000000060c600000|  0%| F|  |TAMS 0x000000060c400000, 0x000000060c400000| Untracked 
|  85|0x000000060c600000, 0x000000060c600000, 0x000000060c800000|  0%| F|  |TAMS 0x000000060c600000, 0x000000060c600000| Untracked 
|  86|0x000000060c800000, 0x000000060c800000, 0x000000060ca00000|  0%| F|  |TAMS 0x000000060c800000, 0x000000060c800000| Untracked 
|  87|0x000000060ca00000, 0x000000060ca00000, 0x000000060cc00000|  0%| F|  |TAMS 0x000000060ca00000, 0x000000060ca00000| Untracked 
|  88|0x000000060cc00000, 0x000000060cc00000, 0x000000060ce00000|  0%| F|  |TAMS 0x000000060cc00000, 0x000000060cc00000| Untracked 
|  89|0x000000060ce00000, 0x000000060ce00000, 0x000000060d000000|  0%| F|  |TAMS 0x000000060ce00000, 0x000000060ce00000| Untracked 
|  90|0x000000060d000000, 0x000000060d000000, 0x000000060d200000|  0%| F|  |TAMS 0x000000060d000000, 0x000000060d000000| Untracked 
|  91|0x000000060d200000, 0x000000060d200000, 0x000000060d400000|  0%| F|  |TAMS 0x000000060d200000, 0x000000060d200000| Untracked 
|  92|0x000000060d400000, 0x000000060d400000, 0x000000060d600000|  0%| F|  |TAMS 0x000000060d400000, 0x000000060d400000| Untracked 
|  93|0x000000060d600000, 0x000000060d600000, 0x000000060d800000|  0%| F|  |TAMS 0x000000060d600000, 0x000000060d600000| Untracked 
|  94|0x000000060d800000, 0x000000060d800000, 0x000000060da00000|  0%| F|  |TAMS 0x000000060d800000, 0x000000060d800000| Untracked 
|  95|0x000000060da00000, 0x000000060da00000, 0x000000060dc00000|  0%| F|  |TAMS 0x000000060da00000, 0x000000060da00000| Untracked 
|  96|0x000000060dc00000, 0x000000060dc00000, 0x000000060de00000|  0%| F|  |TAMS 0x000000060dc00000, 0x000000060dc00000| Untracked 
|  97|0x000000060de00000, 0x000000060de00000, 0x000000060e000000|  0%| F|  |TAMS 0x000000060de00000, 0x000000060de00000| Untracked 
|  98|0x000000060e000000, 0x000000060e000000, 0x000000060e200000|  0%| F|  |TAMS 0x000000060e000000, 0x000000060e000000| Untracked 
|  99|0x000000060e200000, 0x000000060e200000, 0x000000060e400000|  0%| F|  |TAMS 0x000000060e200000, 0x000000060e200000| Untracked 
| 100|0x000000060e400000, 0x000000060e400000, 0x000000060e600000|  0%| F|  |TAMS 0x000000060e400000, 0x000000060e400000| Untracked 
| 101|0x000000060e600000, 0x000000060e600000, 0x000000060e800000|  0%| F|  |TAMS 0x000000060e600000, 0x000000060e600000| Untracked 
| 102|0x000000060e800000, 0x000000060e800000, 0x000000060ea00000|  0%| F|  |TAMS 0x000000060e800000, 0x000000060e800000| Untracked 
| 103|0x000000060ea00000, 0x000000060ea00000, 0x000000060ec00000|  0%| F|  |TAMS 0x000000060ea00000, 0x000000060ea00000| Untracked 
| 104|0x000000060ec00000, 0x000000060ec00000, 0x000000060ee00000|  0%| F|  |TAMS 0x000000060ec00000, 0x000000060ec00000| Untracked 
| 105|0x000000060ee00000, 0x000000060ee00000, 0x000000060f000000|  0%| F|  |TAMS 0x000000060ee00000, 0x000000060ee00000| Untracked 
| 106|0x000000060f000000, 0x000000060f000000, 0x000000060f200000|  0%| F|  |TAMS 0x000000060f000000, 0x000000060f000000| Untracked 
| 107|0x000000060f200000, 0x000000060f200000, 0x000000060f400000|  0%| F|  |TAMS 0x000000060f200000, 0x000000060f200000| Untracked 
| 108|0x000000060f400000, 0x000000060f400000, 0x000000060f600000|  0%| F|  |TAMS 0x000000060f400000, 0x000000060f400000| Untracked 
| 109|0x000000060f600000, 0x000000060f600000, 0x000000060f800000|  0%| F|  |TAMS 0x000000060f600000, 0x000000060f600000| Untracked 
| 110|0x000000060f800000, 0x000000060f800000, 0x000000060fa00000|  0%| F|  |TAMS 0x000000060f800000, 0x000000060f800000| Untracked 
| 111|0x000000060fa00000, 0x000000060fa00000, 0x000000060fc00000|  0%| F|  |TAMS 0x000000060fa00000, 0x000000060fa00000| Untracked 
| 112|0x000000060fc00000, 0x000000060fc00000, 0x000000060fe00000|  0%| F|  |TAMS 0x000000060fc00000, 0x000000060fc00000| Untracked 
| 113|0x000000060fe00000, 0x000000060fe00000, 0x0000000610000000|  0%| F|  |TAMS 0x000000060fe00000, 0x000000060fe00000| Untracked 
| 114|0x0000000610000000, 0x0000000610000000, 0x0000000610200000|  0%| F|  |TAMS 0x0000000610000000, 0x0000000610000000| Untracked 
| 115|0x0000000610200000, 0x0000000610200000, 0x0000000610400000|  0%| F|  |TAMS 0x0000000610200000, 0x0000000610200000| Untracked 
| 116|0x0000000610400000, 0x0000000610400000, 0x0000000610600000|  0%| F|  |TAMS 0x0000000610400000, 0x0000000610400000| Untracked 
| 117|0x0000000610600000, 0x0000000610600000, 0x0000000610800000|  0%| F|  |TAMS 0x0000000610600000, 0x0000000610600000| Untracked 
| 118|0x0000000610800000, 0x0000000610800000, 0x0000000610a00000|  0%| F|  |TAMS 0x0000000610800000, 0x0000000610800000| Untracked 
| 119|0x0000000610a00000, 0x0000000610a00000, 0x0000000610c00000|  0%| F|  |TAMS 0x0000000610a00000, 0x0000000610a00000| Untracked 
| 120|0x0000000610c00000, 0x0000000610c00000, 0x0000000610e00000|  0%| F|  |TAMS 0x0000000610c00000, 0x0000000610c00000| Untracked 
| 121|0x0000000610e00000, 0x0000000610e00000, 0x0000000611000000|  0%| F|  |TAMS 0x0000000610e00000, 0x0000000610e00000| Untracked 
| 122|0x0000000611000000, 0x0000000611000000, 0x0000000611200000|  0%| F|  |TAMS 0x0000000611000000, 0x0000000611000000| Untracked 
| 123|0x0000000611200000, 0x0000000611200000, 0x0000000611400000|  0%| F|  |TAMS 0x0000000611200000, 0x0000000611200000| Untracked 
| 124|0x0000000611400000, 0x0000000611400000, 0x0000000611600000|  0%| F|  |TAMS 0x0000000611400000, 0x0000000611400000| Untracked 
| 125|0x0000000611600000, 0x0000000611600000, 0x0000000611800000|  0%| F|  |TAMS 0x0000000611600000, 0x0000000611600000| Untracked 
| 126|0x0000000611800000, 0x0000000611800000, 0x0000000611a00000|  0%| F|  |TAMS 0x0000000611800000, 0x0000000611800000| Untracked 
| 127|0x0000000611a00000, 0x0000000611a00000, 0x0000000611c00000|  0%| F|  |TAMS 0x0000000611a00000, 0x0000000611a00000| Untracked 
| 128|0x0000000611c00000, 0x0000000611c00000, 0x0000000611e00000|  0%| F|  |TAMS 0x0000000611c00000, 0x0000000611c00000| Untracked 
| 129|0x0000000611e00000, 0x0000000611e00000, 0x0000000612000000|  0%| F|  |TAMS 0x0000000611e00000, 0x0000000611e00000| Untracked 
| 130|0x0000000612000000, 0x0000000612000000, 0x0000000612200000|  0%| F|  |TAMS 0x0000000612000000, 0x0000000612000000| Untracked 
| 131|0x0000000612200000, 0x0000000612200000, 0x0000000612400000|  0%| F|  |TAMS 0x0000000612200000, 0x0000000612200000| Untracked 
| 132|0x0000000612400000, 0x0000000612400000, 0x0000000612600000|  0%| F|  |TAMS 0x0000000612400000, 0x0000000612400000| Untracked 
| 133|0x0000000612600000, 0x0000000612600000, 0x0000000612800000|  0%| F|  |TAMS 0x0000000612600000, 0x0000000612600000| Untracked 
| 134|0x0000000612800000, 0x0000000612800000, 0x0000000612a00000|  0%| F|  |TAMS 0x0000000612800000, 0x0000000612800000| Untracked 
| 135|0x0000000612a00000, 0x0000000612a00000, 0x0000000612c00000|  0%| F|  |TAMS 0x0000000612a00000, 0x0000000612a00000| Untracked 
| 136|0x0000000612c00000, 0x0000000612c00000, 0x0000000612e00000|  0%| F|  |TAMS 0x0000000612c00000, 0x0000000612c00000| Untracked 
| 137|0x0000000612e00000, 0x0000000612e00000, 0x0000000613000000|  0%| F|  |TAMS 0x0000000612e00000, 0x0000000612e00000| Untracked 
| 138|0x0000000613000000, 0x0000000613000000, 0x0000000613200000|  0%| F|  |TAMS 0x0000000613000000, 0x0000000613000000| Untracked 
| 139|0x0000000613200000, 0x0000000613200000, 0x0000000613400000|  0%| F|  |TAMS 0x0000000613200000, 0x0000000613200000| Untracked 
| 140|0x0000000613400000, 0x0000000613400000, 0x0000000613600000|  0%| F|  |TAMS 0x0000000613400000, 0x0000000613400000| Untracked 
| 141|0x0000000613600000, 0x0000000613600000, 0x0000000613800000|  0%| F|  |TAMS 0x0000000613600000, 0x0000000613600000| Untracked 
| 142|0x0000000613800000, 0x0000000613800000, 0x0000000613a00000|  0%| F|  |TAMS 0x0000000613800000, 0x0000000613800000| Untracked 
| 143|0x0000000613a00000, 0x0000000613a00000, 0x0000000613c00000|  0%| F|  |TAMS 0x0000000613a00000, 0x0000000613a00000| Untracked 
| 144|0x0000000613c00000, 0x0000000613c00000, 0x0000000613e00000|  0%| F|  |TAMS 0x0000000613c00000, 0x0000000613c00000| Untracked 
| 145|0x0000000613e00000, 0x0000000613e00000, 0x0000000614000000|  0%| F|  |TAMS 0x0000000613e00000, 0x0000000613e00000| Untracked 
| 146|0x0000000614000000, 0x0000000614000000, 0x0000000614200000|  0%| F|  |TAMS 0x0000000614000000, 0x0000000614000000| Untracked 
| 147|0x0000000614200000, 0x0000000614200000, 0x0000000614400000|  0%| F|  |TAMS 0x0000000614200000, 0x0000000614200000| Untracked 
| 148|0x0000000614400000, 0x0000000614400000, 0x0000000614600000|  0%| F|  |TAMS 0x0000000614400000, 0x0000000614400000| Untracked 
| 149|0x0000000614600000, 0x0000000614600000, 0x0000000614800000|  0%| F|  |TAMS 0x0000000614600000, 0x0000000614600000| Untracked 
| 150|0x0000000614800000, 0x0000000614800000, 0x0000000614a00000|  0%| F|  |TAMS 0x0000000614800000, 0x0000000614800000| Untracked 
| 151|0x0000000614a00000, 0x0000000614a00000, 0x0000000614c00000|  0%| F|  |TAMS 0x0000000614a00000, 0x0000000614a00000| Untracked 
| 152|0x0000000614c00000, 0x0000000614c00000, 0x0000000614e00000|  0%| F|  |TAMS 0x0000000614c00000, 0x0000000614c00000| Untracked 
| 153|0x0000000614e00000, 0x0000000614e00000, 0x0000000615000000|  0%| F|  |TAMS 0x0000000614e00000, 0x0000000614e00000| Untracked 
| 154|0x0000000615000000, 0x0000000615000000, 0x0000000615200000|  0%| F|  |TAMS 0x0000000615000000, 0x0000000615000000| Untracked 
| 155|0x0000000615200000, 0x0000000615200000, 0x0000000615400000|  0%| F|  |TAMS 0x0000000615200000, 0x0000000615200000| Untracked 
| 156|0x0000000615400000, 0x0000000615400000, 0x0000000615600000|  0%| F|  |TAMS 0x0000000615400000, 0x0000000615400000| Untracked 
| 157|0x0000000615600000, 0x0000000615600000, 0x0000000615800000|  0%| F|  |TAMS 0x0000000615600000, 0x0000000615600000| Untracked 
| 158|0x0000000615800000, 0x0000000615800000, 0x0000000615a00000|  0%| F|  |TAMS 0x0000000615800000, 0x0000000615800000| Untracked 
| 159|0x0000000615a00000, 0x0000000615a00000, 0x0000000615c00000|  0%| F|  |TAMS 0x0000000615a00000, 0x0000000615a00000| Untracked 
| 160|0x0000000615c00000, 0x0000000615c00000, 0x0000000615e00000|  0%| F|  |TAMS 0x0000000615c00000, 0x0000000615c00000| Untracked 
| 161|0x0000000615e00000, 0x0000000615e00000, 0x0000000616000000|  0%| F|  |TAMS 0x0000000615e00000, 0x0000000615e00000| Untracked 
| 162|0x0000000616000000, 0x0000000616000000, 0x0000000616200000|  0%| F|  |TAMS 0x0000000616000000, 0x0000000616000000| Untracked 
| 163|0x0000000616200000, 0x0000000616200000, 0x0000000616400000|  0%| F|  |TAMS 0x0000000616200000, 0x0000000616200000| Untracked 
| 164|0x0000000616400000, 0x0000000616400000, 0x0000000616600000|  0%| F|  |TAMS 0x0000000616400000, 0x0000000616400000| Untracked 
| 165|0x0000000616600000, 0x0000000616600000, 0x0000000616800000|  0%| F|  |TAMS 0x0000000616600000, 0x0000000616600000| Untracked 
| 166|0x0000000616800000, 0x0000000616800000, 0x0000000616a00000|  0%| F|  |TAMS 0x0000000616800000, 0x0000000616800000| Untracked 
| 167|0x0000000616a00000, 0x0000000616a00000, 0x0000000616c00000|  0%| F|  |TAMS 0x0000000616a00000, 0x0000000616a00000| Untracked 
| 168|0x0000000616c00000, 0x0000000616c00000, 0x0000000616e00000|  0%| F|  |TAMS 0x0000000616c00000, 0x0000000616c00000| Untracked 
| 169|0x0000000616e00000, 0x0000000616e00000, 0x0000000617000000|  0%| F|  |TAMS 0x0000000616e00000, 0x0000000616e00000| Untracked 
| 170|0x0000000617000000, 0x0000000617000000, 0x0000000617200000|  0%| F|  |TAMS 0x0000000617000000, 0x0000000617000000| Untracked 
| 171|0x0000000617200000, 0x0000000617200000, 0x0000000617400000|  0%| F|  |TAMS 0x0000000617200000, 0x0000000617200000| Untracked 
| 172|0x0000000617400000, 0x0000000617400000, 0x0000000617600000|  0%| F|  |TAMS 0x0000000617400000, 0x0000000617400000| Untracked 
| 173|0x0000000617600000, 0x0000000617600000, 0x0000000617800000|  0%| F|  |TAMS 0x0000000617600000, 0x0000000617600000| Untracked 
| 174|0x0000000617800000, 0x0000000617800000, 0x0000000617a00000|  0%| F|  |TAMS 0x0000000617800000, 0x0000000617800000| Untracked 
| 175|0x0000000617a00000, 0x0000000617a00000, 0x0000000617c00000|  0%| F|  |TAMS 0x0000000617a00000, 0x0000000617a00000| Untracked 
| 176|0x0000000617c00000, 0x0000000617c00000, 0x0000000617e00000|  0%| F|  |TAMS 0x0000000617c00000, 0x0000000617c00000| Untracked 
| 177|0x0000000617e00000, 0x0000000617e00000, 0x0000000618000000|  0%| F|  |TAMS 0x0000000617e00000, 0x0000000617e00000| Untracked 
| 178|0x0000000618000000, 0x0000000618000000, 0x0000000618200000|  0%| F|  |TAMS 0x0000000618000000, 0x0000000618000000| Untracked 
| 179|0x0000000618200000, 0x0000000618200000, 0x0000000618400000|  0%| F|  |TAMS 0x0000000618200000, 0x0000000618200000| Untracked 
| 180|0x0000000618400000, 0x0000000618400000, 0x0000000618600000|  0%| F|  |TAMS 0x0000000618400000, 0x0000000618400000| Untracked 
| 181|0x0000000618600000, 0x0000000618600000, 0x0000000618800000|  0%| F|  |TAMS 0x0000000618600000, 0x0000000618600000| Untracked 
| 182|0x0000000618800000, 0x0000000618800000, 0x0000000618a00000|  0%| F|  |TAMS 0x0000000618800000, 0x0000000618800000| Untracked 
| 183|0x0000000618a00000, 0x0000000618a00000, 0x0000000618c00000|  0%| F|  |TAMS 0x0000000618a00000, 0x0000000618a00000| Untracked 
| 184|0x0000000618c00000, 0x0000000618c00000, 0x0000000618e00000|  0%| F|  |TAMS 0x0000000618c00000, 0x0000000618c00000| Untracked 
| 185|0x0000000618e00000, 0x0000000618e00000, 0x0000000619000000|  0%| F|  |TAMS 0x0000000618e00000, 0x0000000618e00000| Untracked 
| 186|0x0000000619000000, 0x0000000619000000, 0x0000000619200000|  0%| F|  |TAMS 0x0000000619000000, 0x0000000619000000| Untracked 
| 187|0x0000000619200000, 0x0000000619200000, 0x0000000619400000|  0%| F|  |TAMS 0x0000000619200000, 0x0000000619200000| Untracked 
| 188|0x0000000619400000, 0x0000000619400000, 0x0000000619600000|  0%| F|  |TAMS 0x0000000619400000, 0x0000000619400000| Untracked 
| 189|0x0000000619600000, 0x0000000619600000, 0x0000000619800000|  0%| F|  |TAMS 0x0000000619600000, 0x0000000619600000| Untracked 
| 190|0x0000000619800000, 0x0000000619800000, 0x0000000619a00000|  0%| F|  |TAMS 0x0000000619800000, 0x0000000619800000| Untracked 
| 191|0x0000000619a00000, 0x0000000619a00000, 0x0000000619c00000|  0%| F|  |TAMS 0x0000000619a00000, 0x0000000619a00000| Untracked 
| 192|0x0000000619c00000, 0x0000000619c00000, 0x0000000619e00000|  0%| F|  |TAMS 0x0000000619c00000, 0x0000000619c00000| Untracked 
| 193|0x0000000619e00000, 0x0000000619e00000, 0x000000061a000000|  0%| F|  |TAMS 0x0000000619e00000, 0x0000000619e00000| Untracked 
| 194|0x000000061a000000, 0x000000061a000000, 0x000000061a200000|  0%| F|  |TAMS 0x000000061a000000, 0x000000061a000000| Untracked 
| 195|0x000000061a200000, 0x000000061a200000, 0x000000061a400000|  0%| F|  |TAMS 0x000000061a200000, 0x000000061a200000| Untracked 
| 196|0x000000061a400000, 0x000000061a400000, 0x000000061a600000|  0%| F|  |TAMS 0x000000061a400000, 0x000000061a400000| Untracked 
| 197|0x000000061a600000, 0x000000061a600000, 0x000000061a800000|  0%| F|  |TAMS 0x000000061a600000, 0x000000061a600000| Untracked 
| 198|0x000000061a800000, 0x000000061a800000, 0x000000061aa00000|  0%| F|  |TAMS 0x000000061a800000, 0x000000061a800000| Untracked 
| 199|0x000000061aa00000, 0x000000061aa00000, 0x000000061ac00000|  0%| F|  |TAMS 0x000000061aa00000, 0x000000061aa00000| Untracked 
| 200|0x000000061ac00000, 0x000000061ac00000, 0x000000061ae00000|  0%| F|  |TAMS 0x000000061ac00000, 0x000000061ac00000| Untracked 
| 201|0x000000061ae00000, 0x000000061ae00000, 0x000000061b000000|  0%| F|  |TAMS 0x000000061ae00000, 0x000000061ae00000| Untracked 
| 202|0x000000061b000000, 0x000000061b000000, 0x000000061b200000|  0%| F|  |TAMS 0x000000061b000000, 0x000000061b000000| Untracked 
| 203|0x000000061b200000, 0x000000061b200000, 0x000000061b400000|  0%| F|  |TAMS 0x000000061b200000, 0x000000061b200000| Untracked 
| 204|0x000000061b400000, 0x000000061b400000, 0x000000061b600000|  0%| F|  |TAMS 0x000000061b400000, 0x000000061b400000| Untracked 
| 205|0x000000061b600000, 0x000000061b600000, 0x000000061b800000|  0%| F|  |TAMS 0x000000061b600000, 0x000000061b600000| Untracked 
| 206|0x000000061b800000, 0x000000061b800000, 0x000000061ba00000|  0%| F|  |TAMS 0x000000061b800000, 0x000000061b800000| Untracked 
| 207|0x000000061ba00000, 0x000000061ba00000, 0x000000061bc00000|  0%| F|  |TAMS 0x000000061ba00000, 0x000000061ba00000| Untracked 
| 208|0x000000061bc00000, 0x000000061bc00000, 0x000000061be00000|  0%| F|  |TAMS 0x000000061bc00000, 0x000000061bc00000| Untracked 
| 209|0x000000061be00000, 0x000000061be00000, 0x000000061c000000|  0%| F|  |TAMS 0x000000061be00000, 0x000000061be00000| Untracked 
| 210|0x000000061c000000, 0x000000061c000000, 0x000000061c200000|  0%| F|  |TAMS 0x000000061c000000, 0x000000061c000000| Untracked 
| 211|0x000000061c200000, 0x000000061c200000, 0x000000061c400000|  0%| F|  |TAMS 0x000000061c200000, 0x000000061c200000| Untracked 
| 212|0x000000061c400000, 0x000000061c400000, 0x000000061c600000|  0%| F|  |TAMS 0x000000061c400000, 0x000000061c400000| Untracked 
| 213|0x000000061c600000, 0x000000061c600000, 0x000000061c800000|  0%| F|  |TAMS 0x000000061c600000, 0x000000061c600000| Untracked 
| 214|0x000000061c800000, 0x000000061c800000, 0x000000061ca00000|  0%| F|  |TAMS 0x000000061c800000, 0x000000061c800000| Untracked 
| 215|0x000000061ca00000, 0x000000061ca00000, 0x000000061cc00000|  0%| F|  |TAMS 0x000000061ca00000, 0x000000061ca00000| Untracked 
| 216|0x000000061cc00000, 0x000000061cc00000, 0x000000061ce00000|  0%| F|  |TAMS 0x000000061cc00000, 0x000000061cc00000| Untracked 
| 217|0x000000061ce00000, 0x000000061ce00000, 0x000000061d000000|  0%| F|  |TAMS 0x000000061ce00000, 0x000000061ce00000| Untracked 
| 218|0x000000061d000000, 0x000000061d000000, 0x000000061d200000|  0%| F|  |TAMS 0x000000061d000000, 0x000000061d000000| Untracked 
| 219|0x000000061d200000, 0x000000061d200000, 0x000000061d400000|  0%| F|  |TAMS 0x000000061d200000, 0x000000061d200000| Untracked 
| 220|0x000000061d400000, 0x000000061d400000, 0x000000061d600000|  0%| F|  |TAMS 0x000000061d400000, 0x000000061d400000| Untracked 
| 221|0x000000061d600000, 0x000000061d600000, 0x000000061d800000|  0%| F|  |TAMS 0x000000061d600000, 0x000000061d600000| Untracked 
| 222|0x000000061d800000, 0x000000061d800000, 0x000000061da00000|  0%| F|  |TAMS 0x000000061d800000, 0x000000061d800000| Untracked 
| 223|0x000000061da00000, 0x000000061da00000, 0x000000061dc00000|  0%| F|  |TAMS 0x000000061da00000, 0x000000061da00000| Untracked 
| 224|0x000000061dc00000, 0x000000061dc00000, 0x000000061de00000|  0%| F|  |TAMS 0x000000061dc00000, 0x000000061dc00000| Untracked 
| 225|0x000000061de00000, 0x000000061de00000, 0x000000061e000000|  0%| F|  |TAMS 0x000000061de00000, 0x000000061de00000| Untracked 
| 226|0x000000061e000000, 0x000000061e000000, 0x000000061e200000|  0%| F|  |TAMS 0x000000061e000000, 0x000000061e000000| Untracked 
| 227|0x000000061e200000, 0x000000061e200000, 0x000000061e400000|  0%| F|  |TAMS 0x000000061e200000, 0x000000061e200000| Untracked 
| 228|0x000000061e400000, 0x000000061e400000, 0x000000061e600000|  0%| F|  |TAMS 0x000000061e400000, 0x000000061e400000| Untracked 
| 229|0x000000061e600000, 0x000000061e600000, 0x000000061e800000|  0%| F|  |TAMS 0x000000061e600000, 0x000000061e600000| Untracked 
| 230|0x000000061e800000, 0x000000061e800000, 0x000000061ea00000|  0%| F|  |TAMS 0x000000061e800000, 0x000000061e800000| Untracked 
| 231|0x000000061ea00000, 0x000000061ea00000, 0x000000061ec00000|  0%| F|  |TAMS 0x000000061ea00000, 0x000000061ea00000| Untracked 
| 232|0x000000061ec00000, 0x000000061ec00000, 0x000000061ee00000|  0%| F|  |TAMS 0x000000061ec00000, 0x000000061ec00000| Untracked 
| 233|0x000000061ee00000, 0x000000061ee00000, 0x000000061f000000|  0%| F|  |TAMS 0x000000061ee00000, 0x000000061ee00000| Untracked 
| 234|0x000000061f000000, 0x000000061f000000, 0x000000061f200000|  0%| F|  |TAMS 0x000000061f000000, 0x000000061f000000| Untracked 
| 235|0x000000061f200000, 0x000000061f200000, 0x000000061f400000|  0%| F|  |TAMS 0x000000061f200000, 0x000000061f200000| Untracked 
| 236|0x000000061f400000, 0x000000061f400000, 0x000000061f600000|  0%| F|  |TAMS 0x000000061f400000, 0x000000061f400000| Untracked 
| 237|0x000000061f600000, 0x000000061f600000, 0x000000061f800000|  0%| F|  |TAMS 0x000000061f600000, 0x000000061f600000| Untracked 
| 238|0x000000061f800000, 0x000000061f800000, 0x000000061fa00000|  0%| F|  |TAMS 0x000000061f800000, 0x000000061f800000| Untracked 
| 239|0x000000061fa00000, 0x000000061fa00000, 0x000000061fc00000|  0%| F|  |TAMS 0x000000061fa00000, 0x000000061fa00000| Untracked 
| 240|0x000000061fc00000, 0x000000061fc00000, 0x000000061fe00000|  0%| F|  |TAMS 0x000000061fc00000, 0x000000061fc00000| Untracked 
| 241|0x000000061fe00000, 0x000000061fe00000, 0x0000000620000000|  0%| F|  |TAMS 0x000000061fe00000, 0x000000061fe00000| Untracked 
| 242|0x0000000620000000, 0x0000000620000000, 0x0000000620200000|  0%| F|  |TAMS 0x0000000620000000, 0x0000000620000000| Untracked 
| 243|0x0000000620200000, 0x0000000620200000, 0x0000000620400000|  0%| F|  |TAMS 0x0000000620200000, 0x0000000620200000| Untracked 
| 244|0x0000000620400000, 0x0000000620400000, 0x0000000620600000|  0%| F|  |TAMS 0x0000000620400000, 0x0000000620400000| Untracked 
| 245|0x0000000620600000, 0x0000000620600000, 0x0000000620800000|  0%| F|  |TAMS 0x0000000620600000, 0x0000000620600000| Untracked 
| 246|0x0000000620800000, 0x0000000620800000, 0x0000000620a00000|  0%| F|  |TAMS 0x0000000620800000, 0x0000000620800000| Untracked 
| 247|0x0000000620a00000, 0x0000000620a00000, 0x0000000620c00000|  0%| F|  |TAMS 0x0000000620a00000, 0x0000000620a00000| Untracked 
| 248|0x0000000620c00000, 0x0000000620c00000, 0x0000000620e00000|  0%| F|  |TAMS 0x0000000620c00000, 0x0000000620c00000| Untracked 
| 249|0x0000000620e00000, 0x0000000620e00000, 0x0000000621000000|  0%| F|  |TAMS 0x0000000620e00000, 0x0000000620e00000| Untracked 
| 250|0x0000000621000000, 0x0000000621000000, 0x0000000621200000|  0%| F|  |TAMS 0x0000000621000000, 0x0000000621000000| Untracked 
| 251|0x0000000621200000, 0x0000000621200000, 0x0000000621400000|  0%| F|  |TAMS 0x0000000621200000, 0x0000000621200000| Untracked 
| 252|0x0000000621400000, 0x0000000621400000, 0x0000000621600000|  0%| F|  |TAMS 0x0000000621400000, 0x0000000621400000| Untracked 
| 253|0x0000000621600000, 0x00000006217ffff8, 0x0000000621800000| 99%| E|  |TAMS 0x0000000621600000, 0x0000000621600000| Complete 
| 254|0x0000000621800000, 0x0000000621a00000, 0x0000000621a00000|100%| E|  |TAMS 0x0000000621800000, 0x0000000621800000| Complete 
| 255|0x0000000621a00000, 0x0000000621c00000, 0x0000000621c00000|100%| E|CS|TAMS 0x0000000621a00000, 0x0000000621a00000| Complete 

Card table byte_map: [0x000001da19ad0000,0x000001da1aad0000] _byte_map_base: 0x000001da16ac2000

Marking Bits (Prev, Next): (CMBitMap*) 0x000001da7f532398, (CMBitMap*) 0x000001da7f5323d0
 Prev Bits: [0x000001da1bad0000, 0x000001da23a60000)
 Next Bits: [0x000001da23a60000, 0x000001da2b9f0000)

Polling page: 0x000001da7ec70000

Metaspace:

Usage:
  Non-class:      5.54 MB capacity,     5.43 MB ( 98%) used,   116.48 KB (  2%) free+waste,     3.25 KB ( <1%) overhead. 
      Class:    536.00 KB capacity,   510.25 KB ( 95%) used,    24.25 KB (  5%) free+waste,     1.50 KB ( <1%) overhead. 
       Both:      6.07 MB capacity,     5.93 MB ( 98%) used,   140.73 KB (  2%) free+waste,     4.75 KB ( <1%) overhead. 

Virtual space:
  Non-class space:        8.00 MB reserved,       5.75 MB ( 72%) committed 
      Class space:        1.00 GB reserved,     640.00 KB ( <1%) committed 
             Both:        1.01 GB reserved,       6.38 MB ( <1%) committed 

Chunk freelists:
   Non-Class:  19.00 KB
       Class:  8.00 KB
        Both:  27.00 KB

MaxMetaspaceSize: 17179869184.00 GB
CompressedClassSpaceSize: 1.00 GB
Initial GC threshold: 20.80 MB
Current GC threshold: 20.80 MB
CDS: off

CodeHeap 'non-profiled nmethods': size=119168Kb used=96Kb max_used=96Kb free=119072Kb
 bounds [0x000001da11670000, 0x000001da118e0000, 0x000001da18ad0000]
CodeHeap 'profiled nmethods': size=119168Kb used=353Kb max_used=353Kb free=118815Kb
 bounds [0x000001da0a210000, 0x000001da0a480000, 0x000001da11670000]
CodeHeap 'non-nmethods': size=7424Kb used=2222Kb max_used=2234Kb free=5201Kb
 bounds [0x000001da09ad0000, 0x000001da09d40000, 0x000001da0a210000]
 total_blobs=637 nmethods=298 adapters=250
 compilation: enabled
              stopped_count=0, restarted_count=0
 full_count=0

Compilation events (20 events):
Event: 0.130 Thread 0x000001da2f50b800 nmethod 287 0x000001da0a265710 code [0x000001da0a2659e0, 0x000001da0a266538]
Event: 0.130 Thread 0x000001da2f3a1000 nmethod 289 0x000001da0a266990 code [0x000001da0a266b40, 0x000001da0a266c88]
Event: 0.130 Thread 0x000001da2f510800 nmethod 288 0x000001da0a266d10 code [0x000001da0a266f40, 0x000001da0a267698]
Event: 0.130 Thread 0x000001da2f510800  290       3       java.lang.AbstractStringBuilder::append (43 bytes)
Event: 0.130 Thread 0x000001da2f3a1000  292       1       java.util.zip.Inflater$InflaterZStreamRef::address (5 bytes)
Event: 0.130 Thread 0x000001da2f3a1000 nmethod 292 0x000001da11686110 code [0x000001da116862c0, 0x000001da11686378]
Event: 0.130 Thread 0x000001da2f510800 nmethod 290 0x000001da0a267990 code [0x000001da0a267b80, 0x000001da0a267e58]
Event: 0.131 Thread 0x000001da2f52c000 nmethod 284 0x000001da11686410 code [0x000001da116865c0, 0x000001da11686988]
Event: 0.132 Thread 0x000001da2f395000  293       4       java.io.WinNTFileSystem::isSlash (18 bytes)
Event: 0.132 Thread 0x000001da2f51a800  294       4       java.lang.StringBuilder::append (8 bytes)
Event: 0.132 Thread 0x000001da2f395000 nmethod 293 0x000001da11686b10 code [0x000001da11686ca0, 0x000001da11686d18]
Event: 0.134 Thread 0x000001da2f50b800  295       1       java.lang.String::value (5 bytes)
Event: 0.134 Thread 0x000001da2f3a1000  296       1       java.util.ArrayList::size (5 bytes)
Event: 0.134 Thread 0x000001da2f50b800 nmethod 295 0x000001da11686e10 code [0x000001da11686fc0, 0x000001da11687078]
Event: 0.135 Thread 0x000001da2f3a1000 nmethod 296 0x000001da11687110 code [0x000001da116872c0, 0x000001da11687378]
Event: 0.135 Thread 0x000001da2f51a800 nmethod 294 0x000001da11687410 code [0x000001da116875c0, 0x000001da11687a68]
Event: 0.135 Thread 0x000001da2f510800  297       1       java.net.URL::getUserInfo (5 bytes)
Event: 0.135 Thread 0x000001da2f510800 nmethod 297 0x000001da11687d10 code [0x000001da11687ec0, 0x000001da11687f78]
Event: 0.135 Thread 0x000001da2f50b800  298       3       java.io.WinNTFileSystem::isLetter (30 bytes)
Event: 0.135 Thread 0x000001da2f50b800 nmethod 298 0x000001da0a267f90 code [0x000001da0a268140, 0x000001da0a268358]

GC Heap History (0 events):
No events

Deoptimization events (20 events):
Event: 0.124 Thread 0x000001da7f4a7000 Uncommon trap: trap_request=0xffffff4d fr.pc=0x000001da11680cc4 relative=0x0000000000000124
Event: 0.124 Thread 0x000001da7f4a7000 Uncommon trap: reason=unstable_if action=reinterpret pc=0x000001da11680cc4 method=java.util.zip.ZipFile$Source.checkUTF8([BII)V @ 12 c2
Event: 0.124 Thread 0x000001da7f4a7000 DEOPT PACKING pc=0x000001da11680cc4 sp=0x000000596dafb190
Event: 0.124 Thread 0x000001da7f4a7000 DEOPT UNPACKING pc=0x000001da09b1a1af sp=0x000000596dafb128 mode 2
Event: 0.127 Thread 0x000001da7f4a7000 Uncommon trap: trap_request=0xffffffde fr.pc=0x000001da1167ef88 relative=0x0000000000000b08
Event: 0.127 Thread 0x000001da7f4a7000 Uncommon trap: reason=class_check action=maybe_recompile pc=0x000001da1167ef88 method=java.util.HashMap.putVal(ILjava/lang/Object;Ljava/lang/Object;ZZ)Ljava/lang/Object; @ 152 c2
Event: 0.127 Thread 0x000001da7f4a7000 DEOPT PACKING pc=0x000001da1167ef88 sp=0x000000596dafb1d0
Event: 0.127 Thread 0x000001da7f4a7000 DEOPT UNPACKING pc=0x000001da09b1a1af sp=0x000000596dafb150 mode 2
Event: 0.127 Thread 0x000001da7f4a7000 Uncommon trap: trap_request=0xffffffde fr.pc=0x000001da1167ef88 relative=0x0000000000000b08
Event: 0.127 Thread 0x000001da7f4a7000 Uncommon trap: reason=class_check action=maybe_recompile pc=0x000001da1167ef88 method=java.util.HashMap.putVal(ILjava/lang/Object;Ljava/lang/Object;ZZ)Ljava/lang/Object; @ 152 c2
Event: 0.127 Thread 0x000001da7f4a7000 DEOPT PACKING pc=0x000001da1167ef88 sp=0x000000596dafb1d0
Event: 0.127 Thread 0x000001da7f4a7000 DEOPT UNPACKING pc=0x000001da09b1a1af sp=0x000000596dafb150 mode 2
Event: 0.127 Thread 0x000001da7f4a7000 Uncommon trap: trap_request=0xffffffde fr.pc=0x000001da1167ef88 relative=0x0000000000000b08
Event: 0.127 Thread 0x000001da7f4a7000 Uncommon trap: reason=class_check action=maybe_recompile pc=0x000001da1167ef88 method=java.util.HashMap.putVal(ILjava/lang/Object;Ljava/lang/Object;ZZ)Ljava/lang/Object; @ 152 c2
Event: 0.127 Thread 0x000001da7f4a7000 DEOPT PACKING pc=0x000001da1167ef88 sp=0x000000596dafb1d0
Event: 0.127 Thread 0x000001da7f4a7000 DEOPT UNPACKING pc=0x000001da09b1a1af sp=0x000000596dafb150 mode 2
Event: 0.133 Thread 0x000001da7f4a7000 Uncommon trap: trap_request=0xffffff4d fr.pc=0x000001da11683b34 relative=0x0000000000000174
Event: 0.133 Thread 0x000001da7f4a7000 Uncommon trap: reason=unstable_if action=reinterpret pc=0x000001da11683b34 method=java.util.zip.ZipFile$Source.isMetaName([BII)Z @ 57 c2
Event: 0.133 Thread 0x000001da7f4a7000 DEOPT PACKING pc=0x000001da11683b34 sp=0x000000596dafb180
Event: 0.133 Thread 0x000001da7f4a7000 DEOPT UNPACKING pc=0x000001da09b1a1af sp=0x000000596dafb128 mode 2

Classes redefined (0 events):
No events

Internal exceptions (0 events):
No events

Events (20 events):
Event: 0.134 loading class java/security/AllPermission done
Event: 0.134 loading class java/security/UnresolvedPermission
Event: 0.134 loading class java/security/UnresolvedPermission done
Event: 0.134 loading class java/security/SecureClassLoader$DebugHolder
Event: 0.134 loading class java/security/SecureClassLoader$DebugHolder done
Event: 0.134 loading class sun/instrument/InstrumentationImpl$1
Event: 0.134 loading class sun/instrument/InstrumentationImpl$1 done
Event: 0.134 loading class com/intellij/rt/execution/application/AppMainV2
Event: 0.134 loading class com/intellij/rt/execution/application/AppMainV2 done
Event: 0.135 loading class java/lang/reflect/InvocationTargetException
Event: 0.135 loading class java/lang/reflect/InvocationTargetException done
Event: 0.135 loading class com/intellij/rt/execution/application/AppMainV2$1
Event: 0.135 loading class com/intellij/rt/execution/application/AppMainV2$1 done
Event: 0.136 Loaded shared library C:\Program Files\JetBrains\IntelliJ IDEA Community Edition 2023.3.2\bin\breakgen64.dll
Event: 0.137 loading class java/io/Reader
Event: 0.137 loading class java/io/Reader done
Event: 0.137 loading class java/io/InputStreamReader
Event: 0.137 loading class java/io/InputStreamReader done
Event: 0.137 Thread 0x000001da2f8a2000 Thread added: 0x000001da2f8a2000
Event: 0.137 Executing VM operation: EnableBiasedLocking


Dynamic libraries:
0x00007ff79a5c0000 - 0x00007ff79a5ce000 	C:\Program Files\Amazon Corretto\jdk11.0.21_9\bin\java.exe
0x00007ff99e5f0000 - 0x00007ff99e807000 	C:\Windows\SYSTEM32\ntdll.dll
0x00007ff99c400000 - 0x00007ff99c4c4000 	C:\Windows\System32\KERNEL32.DLL
0x00007ff99b9f0000 - 0x00007ff99bd96000 	C:\Windows\System32\KERNELBASE.dll
0x00007ff99c220000 - 0x00007ff99c331000 	C:\Windows\System32\ucrtbase.dll
0x00007ff982d20000 - 0x00007ff982d3b000 	C:\Program Files\Amazon Corretto\jdk11.0.21_9\bin\VCRUNTIME140.dll
0x00007ff981c40000 - 0x00007ff981c57000 	C:\Program Files\Amazon Corretto\jdk11.0.21_9\bin\jli.dll
0x00007ff99e040000 - 0x00007ff99e1ee000 	C:\Windows\System32\USER32.dll
0x00007ff99be20000 - 0x00007ff99be46000 	C:\Windows\System32\win32u.dll
0x00007ff9800f0000 - 0x00007ff980383000 	C:\Windows\WinSxS\amd64_microsoft.windows.common-controls_6595b64144ccf1df_6.0.22621.2506_none_270c5ae97388e100\COMCTL32.dll
0x00007ff99e580000 - 0x00007ff99e5a9000 	C:\Windows\System32\GDI32.dll
0x00007ff99c030000 - 0x00007ff99c148000 	C:\Windows\System32\gdi32full.dll
0x00007ff99d6a0000 - 0x00007ff99d747000 	C:\Windows\System32\msvcrt.dll
0x00007ff99c150000 - 0x00007ff99c1ea000 	C:\Windows\System32\msvcp_win.dll
0x00007ff99e000000 - 0x00007ff99e031000 	C:\Windows\System32\IMM32.DLL
0x00007ff983df0000 - 0x00007ff983dfc000 	C:\Program Files\Amazon Corretto\jdk11.0.21_9\bin\vcruntime140_1.dll
0x00007ff96e900000 - 0x00007ff96e98d000 	C:\Program Files\Amazon Corretto\jdk11.0.21_9\bin\msvcp140.dll
0x00007ff91bbd0000 - 0x00007ff91c793000 	C:\Program Files\Amazon Corretto\jdk11.0.21_9\bin\server\jvm.dll
0x00007ff99cd60000 - 0x00007ff99ce13000 	C:\Windows\System32\ADVAPI32.dll
0x00007ff99ca50000 - 0x00007ff99caf8000 	C:\Windows\System32\sechost.dll
0x00007ff99c1f0000 - 0x00007ff99c218000 	C:\Windows\System32\bcrypt.dll
0x00007ff99c8c0000 - 0x00007ff99c9d7000 	C:\Windows\System32\RPCRT4.dll
0x00007ff99d2b0000 - 0x00007ff99d2b8000 	C:\Windows\System32\PSAPI.DLL
0x00007ff994d60000 - 0x00007ff994d94000 	C:\Windows\SYSTEM32\WINMM.dll
0x00007ff996da0000 - 0x00007ff996da9000 	C:\Windows\SYSTEM32\WSOCK32.dll
0x00007ff993510000 - 0x00007ff99351a000 	C:\Windows\SYSTEM32\VERSION.dll
0x00007ff99c4f0000 - 0x00007ff99c561000 	C:\Windows\System32\WS2_32.dll
0x00007ff99a960000 - 0x00007ff99a978000 	C:\Windows\SYSTEM32\kernel.appcore.dll
0x00007ff983c30000 - 0x00007ff983c40000 	C:\Program Files\Amazon Corretto\jdk11.0.21_9\bin\verify.dll
0x00007ff98cf30000 - 0x00007ff98d163000 	C:\Windows\SYSTEM32\DBGHELP.DLL
0x00007ff99e1f0000 - 0x00007ff99e579000 	C:\Windows\System32\combase.dll
0x00007ff99c7e0000 - 0x00007ff99c8b7000 	C:\Windows\System32\OLEAUT32.dll
0x00007ff987c80000 - 0x00007ff987cb2000 	C:\Windows\SYSTEM32\dbgcore.DLL
0x00007ff99bda0000 - 0x00007ff99be1a000 	C:\Windows\System32\bcryptPrimitives.dll
0x00007ff9809e0000 - 0x00007ff980a08000 	C:\Program Files\Amazon Corretto\jdk11.0.21_9\bin\java.dll
0x00007ff9839a0000 - 0x00007ff9839aa000 	C:\Program Files\Amazon Corretto\jdk11.0.21_9\bin\jimage.dll
0x00007ff9930f0000 - 0x00007ff9930fe000 	C:\Program Files\Amazon Corretto\jdk11.0.21_9\bin\instrument.dll
0x00007ff9809c0000 - 0x00007ff9809d8000 	C:\Program Files\Amazon Corretto\jdk11.0.21_9\bin\zip.dll
0x00007ff99d7a0000 - 0x00007ff99dffa000 	C:\Windows\System32\SHELL32.dll
0x00007ff999880000 - 0x00007ff99a176000 	C:\Windows\SYSTEM32\windows.storage.dll
0x00007ff999740000 - 0x00007ff99987e000 	C:\Windows\SYSTEM32\wintypes.dll
0x00007ff99c6e0000 - 0x00007ff99c7d3000 	C:\Windows\System32\SHCORE.dll
0x00007ff99c340000 - 0x00007ff99c39e000 	C:\Windows\System32\shlwapi.dll
0x00007ff99b860000 - 0x00007ff99b886000 	C:\Windows\SYSTEM32\profapi.dll
0x00007ff97f9a0000 - 0x00007ff97f9b9000 	C:\Program Files\Amazon Corretto\jdk11.0.21_9\bin\net.dll
0x00007ff9959a0000 - 0x00007ff995ad7000 	C:\Windows\SYSTEM32\WINHTTP.dll
0x00007ff99ade0000 - 0x00007ff99ae49000 	C:\Windows\system32\mswsock.dll
0x00007ff97c180000 - 0x00007ff97c192000 	C:\Program Files\Amazon Corretto\jdk11.0.21_9\bin\nio.dll
0x00007ff9778f0000 - 0x00007ff97790a000 	C:\Program Files\JetBrains\IntelliJ IDEA Community Edition 2023.3.2\bin\breakgen64.dll

dbghelp: loaded successfully - version: 4.0.5 - missing functions: none
symbol engine: initialized successfully - sym options: 0x614 - pdb path: .;C:\Program Files\Amazon Corretto\jdk11.0.21_9\bin;C:\Windows\SYSTEM32;C:\Windows\WinSxS\amd64_microsoft.windows.common-controls_6595b64144ccf1df_6.0.22621.2506_none_270c5ae97388e100;C:\Program Files\Amazon Corretto\jdk11.0.21_9\bin\server;C:\Program Files\JetBrains\IntelliJ IDEA Community Edition 2023.3.2\bin

VM Arguments:
jvm_args: -Dorg.jetbrains.run.directory=C:\Users\TEK\KarateTestAutomation\src\test\java\insurance\api\tek -javaagent:C:\Program Files\JetBrains\IntelliJ IDEA Community Edition 2023.3.2\lib\idea_rt.jar=51227:C:\Program Files\JetBrains\IntelliJ IDEA Community Edition 2023.3.2\bin -Dfile.encoding=UTF-8 
java_command: cucumber.api.cli.Main --plugin org.jetbrains.plugins.cucumber.java.run.CucumberJvmSMFormatter --monochrome --name ^Post an Account \- Primary Person$ --glue com.intuit.karate C:/Users/TEK/KarateTestAutomation/src/test/java/insurance/api/tek/PostAccount.feature
java_class_path (initial): C:\Users\TEK\KarateTestAutomation\target\test-classes;C:\Users\TEK\.m2\repository\com\intuit\karate\karate-junit5\1.0.0\karate-junit5-1.0.0.jar;C:\Users\TEK\.m2\repository\com\intuit\karate\karate-core\1.0.0\karate-core-1.0.0.jar;C:\Users\TEK\.m2\repository\org\graalvm\js\js-scriptengine\21.0.0\js-scriptengine-21.0.0.jar;C:\Users\TEK\.m2\repository\org\graalvm\sdk\graal-sdk\21.0.0\graal-sdk-21.0.0.jar;C:\Users\TEK\.m2\repository\org\graalvm\js\js\21.0.0\js-21.0.0.jar;C:\Users\TEK\.m2\repository\org\graalvm\regex\regex\21.0.0\regex-21.0.0.jar;C:\Users\TEK\.m2\repository\org\graalvm\truffle\truffle-api\21.0.0\truffle-api-21.0.0.jar;C:\Users\TEK\.m2\repository\com\ibm\icu\icu4j\67.1\icu4j-67.1.jar;C:\Users\TEK\.m2\repository\ch\qos\logback\logback-classic\1.2.3\logback-classic-1.2.3.jar;C:\Users\TEK\.m2\repository\ch\qos\logback\logback-core\1.2.3\logback-core-1.2.3.jar;C:\Users\TEK\.m2\repository\org\slf4j\slf4j-api\1.7.25\slf4j-api-1.7.25.jar;C:\Users\TEK\.m2\repository\org\slf4j\jcl-over-slf4j\1.7.25\jcl-over-slf4j-1.7.25.jar;C:\Users\TEK\.m2\repository\com\jayway\jsonpath\json-path\2.5.0\json-path-2.5.0.jar;C:\Users\TEK\.m2\repository\net\minidev\json-smart\2.3\json-smart-2.3.jar;C:\Users\TEK\.m2\repository\net\minidev\accessors-smart\1.2\accessors-smart-1.2.jar;C:\Users\TEK\.m2\repository\org\ow2\asm\asm\5.0.4\asm-5.0.4.jar;C:\Users\TEK\.m2\repository\info\cukes\cucumber-java\1.2.5\cucumber-java-1.2.5.jar;C:\Users\TEK\.m2\repository\info\cukes\cucumber-core\1.2.5\cucumber-core-1.2.5.jar;C:\Users\TEK\.m2\repository\org\yaml\snakeyaml\1.27\snakeyaml-1.27.jar;C:\Users\TEK\.m2\repository\de\siegmar\fastcsv\1.0.4\fastcsv-1.0.4.jar;C:\Users\TEK\.m2\repository\info\picocli\picocli\4.5.2\picocli-4.5.2.jar;C:\Users\TEK\.m2\repository\org\junit\jupiter\junit-jupiter-api\5.7.0\junit-jupiter-api-5.7.0.jar;C:\Users\TEK\.m2\repository\org\apiguardian\apiguardian-api\1.1.0\apiguardian-api-1.1.0.jar;C:\Users\TEK\.m2\repository\org\opentest4j\opentest4
Launcher Type: SUN_STANDARD

[Global flags]
     intx CICompilerCount                          = 12                                        {product} {ergonomic}
     uint ConcGCThreads                            = 3                                         {product} {ergonomic}
     uint G1ConcRefinementThreads                  = 13                                        {product} {ergonomic}
   size_t G1HeapRegionSize                         = 2097152                                   {product} {ergonomic}
    uintx GCDrainStackTargetSize                   = 64                                        {product} {ergonomic}
   size_t InitialHeapSize                          = 536870912                                 {product} {ergonomic}
   size_t MarkStackSize                            = 4194304                                   {product} {ergonomic}
   size_t MaxHeapSize                              = 8560574464                                {product} {ergonomic}
   size_t MaxNewSize                               = 5135925248                                {product} {ergonomic}
   size_t MinHeapDeltaBytes                        = 2097152                                   {product} {ergonomic}
    uintx NonNMethodCodeHeapSize                   = 7594288                                {pd product} {ergonomic}
    uintx NonProfiledCodeHeapSize                  = 122031976                              {pd product} {ergonomic}
    uintx ProfiledCodeHeapSize                     = 122031976                              {pd product} {ergonomic}
    uintx ReservedCodeCacheSize                    = 251658240                              {pd product} {ergonomic}
     bool SegmentedCodeCache                       = true                                      {product} {ergonomic}
     bool UseCompressedClassPointers               = true                                 {lp64_product} {ergonomic}
     bool UseCompressedOops                        = true                                 {lp64_product} {ergonomic}
     bool UseG1GC                                  = true                                      {product} {ergonomic}
     bool UseLargePagesIndividualAllocation        = false                                  {pd product} {ergonomic}

Logging:
Log output configuration:
 #0: stdout all=warning uptime,level,tags
 #1: stderr all=off uptime,level,tags

Environment Variables:
JAVA_HOME=C:\Program Files\Amazon Corretto\jdk11.0.21_9
PATH=C:\Program Files\Amazon Corretto\jdk11.0.21_9\bin;C:\Windows\system32;C:\Windows;C:\Windows\System32\Wbem;C:\Windows\System32\WindowsPowerShell\v1.0\;C:\Windows\System32\OpenSSH\;C:\Users\TEK\AppData\Local\Microsoft\WindowsApps;;C:\Program Files\JetBrains\IntelliJ IDEA Community Edition 2023.3.2\bin;
USERNAME=TEK
OS=Windows_NT
PROCESSOR_IDENTIFIER=AMD64 Family 25 Model 33 Stepping 2, AuthenticAMD
TMP=C:\Users\TEK\AppData\Local\Temp
TEMP=C:\Users\TEK\AppData\Local\Temp



---------------  S Y S T E M  ---------------

OS: Windows 11 , 64 bit Build 22621 (10.0.22621.2506)
OS uptime: 6 days 4:15 hours

CPU:total 16 (initial active 16) (16 cores per cpu, 2 threads per core) family 25 model 33 stepping 2 microcode 0x0, cmov, cx8, fxsr, mmx, sse, sse2, sse3, ssse3, sse4.1, sse4.2, popcnt, avx, avx2, aes, clmul, erms, mmxext, 3dnowpref, lzcnt, sse4a, ht, tsc, tscinvbit, tscinv, bmi1, bmi2, adx, sha, fma

Memory: 4k page, system-wide physical 32654M (20310M free)
TotalPageFile size 37518M (AvailPageFile size 19816M)
current process WorkingSet (physical memory assigned to process): 57M, peak: 57M
current process commit charge ("private bytes"): 619M, peak: 619M

vm_info: OpenJDK 64-Bit Server VM (11.0.21+9-LTS) for windows-amd64 JRE (11.0.21+9-LTS), built on Oct  9 2023 18:37:11 by "Administrator" with MS VC++ 16.10 / 16.11 (VS2019)

END.
